#
# A fatal error has been detected by the Java Runtime Environment:
#
#  SIGSEGV (0xb) at pc=0x00007f3d63dddf3c, pid=8897, tid=139901119522560
#
# JRE version: Java(TM) SE Runtime Environment (8.0_25-b17) (build 1.8.0_25-b17)
# Java VM: Java HotSpot(TM) 64-Bit Server VM (25.25-b02 mixed mode linux-amd64 compressed oops)
# Problematic frame:
# V  [libjvm.so+0x575f3c]  frame::sender(RegisterMap*) const+0x7c
#
# Failed to write core dump. Core dumps have been disabled. To enable core dumping, try "ulimit -c unlimited" before starting Java again
#
# If you would like to submit a bug report, please visit:
#   http://bugreport.sun.com/bugreport/crash.jsp
#

---------------  T H R E A D  ---------------

Current thread (0x00007f3d0800c800):  JavaThread "Daemon worker Thread 7" [_thread_in_vm, id=10392, stack(0x00007f3d44786000,0x00007f3d44887000)]

siginfo: si_signo: 11 (SIGSEGV), si_code: 128 (SI_KERNEL), si_addr: 0x0000000000000000

Registers:
RAX=0x894800000001b855, RBX=0x00007f3d4487f270, RCX=0x9090909090c3c9e5, RDX=0x00007f3d4487f2a0
RSP=0x00007f3d4487f1f0, RBP=0x00007f3d4487f200, RSI=0x00007f3d4487f8b0, RDI=0x00007f3d4d005360
R8 =0x00007f3d4d853ef0, R9 =0x00007f3d4d000000, R10=0x00007f3d4487f8b0, R11=0x00007f3d4487fc40
R12=0x00007f3d44284be8, R13=0x9090909090c3c9e5, R14=0x0000000000000000, R15=0x0000000000000060
RIP=0x00007f3d63dddf3c, EFLAGS=0x0000000000010246, CSGSFS=0x0000000000000033, ERR=0x0000000000000000
  TRAPNO=0x000000000000000d

Top of Stack: (sp=0x00007f3d4487f1f0)
0x00007f3d4487f1f0:   0000000000000000 00007f3d44284be8
0x00007f3d4487f200:   00007f3d4487f970 00007f3d63ed487b
0x00007f3d4487f210:   00007f3d00001fa0 00007f3d4487f910
0x00007f3d4487f220:   00007f3d4487f270 00007f3d4487f8b0
0x00007f3d4487f230:   00007f3d4487f2a0 00007f3d4487f860
0x00007f3d4487f240:   00007f3d0800c800 00007f3d0800a7a0
0x00007f3d4487f250:   00007f3d64364c5a 0000000100000400
0x00007f3d4487f260:   00007f3d4d851ed0 01017f3d0800c800
0x00007f3d4487f270:   00007f3d63b53050 9090909090c3c9e5
0x00007f3d4487f280:   0000000000000000 00007f3d00000000
0x00007f3d4487f290:   894800000001b855 00007f3d63b53050
0x00007f3d4487f2a0:   00007f3d44880a30 00007f3d4487f370
0x00007f3d4487f2b0:   00007f3d44881c30 0000000500010005
0x00007f3d4487f2c0:   0000000060fc1878 0000000000000000
0x00007f3d4487f2d0:   0000000000000000 00007f3d00000000
0x00007f3d4487f2e0:   0000000000000000 0000000000000000
0x00007f3d4487f2f0:   00007f3d00000000 00007f3d00000000
0x00007f3d4487f300:   00007f3d4487f920 00007f3d4487f910
0x00007f3d4487f310:   00007f3d6483b029 00007f3d64364c5c
0x00007f3d4487f320:   00007f3d64364c5a 00007f3d648374ea
0x00007f3d4487f330:   ffffffffffffffff 00007f3d0800c863
0x00007f3d4487f340:   00207f3d00000000 0000000000000000
0x00007f3d4487f350:   00007f3d60fc1878 00007f3d64364c5a
0x00007f3d4487f360:   00007f3d4487f490 00007f3d00000001
0x00007f3d4487f370:   00007f3d64364c5c 00007f3d4487f440
0x00007f3d4487f380:   00007f3d60fc1878 00007f3d0800c800
0x00007f3d4487f390:   0000000060fc1878 0000142000000000
0x00007f3d4487f3a0:   0000000000000000 00007f3d00000000
0x00007f3d4487f3b0:   0000000000000000 0000000000000000
0x00007f3d4487f3c0:   00007f3d00000000 00007f3d00000000
0x00007f3d4487f3d0:   00007f3dffffffff 00007f3d00000000
0x00007f3d4487f3e0:   0000000000000000 0000000000000000 

Instructions: (pc=0x00007f3d63dddf3c)
0x00007f3d63dddf1c:   48 8d 04 07 48 39 c1 73 d8 48 89 df e8 03 fa ff
0x00007f3d63dddf2c:   ff 48 89 d8 5b 41 5c c9 c3 0f 1f 00 48 8b 46 20
0x00007f3d63dddf3c:   48 8b 78 08 48 8b 10 48 83 c0 10 48 89 03 48 89
0x00007f3d63dddf4c:   43 28 48 89 53 20 48 89 7b 08 e8 35 8f ef ff 48 

Register to memory mapping:

RAX=0x894800000001b855 is an unknown value
RBX=0x00007f3d4487f270 is pointing into the stack for thread: 0x00007f3d0800c800
RCX=0x9090909090c3c9e5 is an unknown value
RDX=0x00007f3d4487f2a0 is pointing into the stack for thread: 0x00007f3d0800c800
RSP=0x00007f3d4487f1f0 is pointing into the stack for thread: 0x00007f3d0800c800
RBP=0x00007f3d4487f200 is pointing into the stack for thread: 0x00007f3d0800c800
RSI=0x00007f3d4487f8b0 is pointing into the stack for thread: 0x00007f3d0800c800
RDI=0x00007f3d4d005360 is pointing into interpreter code (not bytecode specific)
R8 =0x00007f3d4d853ef0 is at entry_point+7344 in (nmethod*)0x00007f3d4d851ed0
R9 =0x00007f3d4d000000 is an unknown value
R10=0x00007f3d4487f8b0 is pointing into the stack for thread: 0x00007f3d0800c800
R11=0x00007f3d4487fc40 is pointing into the stack for thread: 0x00007f3d0800c800
R12={method} {0x00007f3d44284be8} 'prepare' '(Ljava/util/Map;Ljava/lang/reflect/Type;)V' in 'com/sun/beans/TypeResolver'
R13=0x9090909090c3c9e5 is an unknown value
R14=0x0000000000000000 is an unknown value
R15=0x0000000000000060 is an unknown value


Stack: [0x00007f3d44786000,0x00007f3d44887000],  sp=0x00007f3d4487f1f0,  free space=996k
Native frames: (J=compiled Java code, j=interpreted, Vv=VM code, C=native code)
V  [libjvm.so+0x575f3c]  frame::sender(RegisterMap*) const+0x7c
V  [libjvm.so+0x66c87b]  java_lang_Throwable::fill_in_stack_trace(Handle, methodHandle, Thread*)+0x43b
V  [libjvm.so+0x66cc5d]  java_lang_Throwable::fill_in_stack_trace(Handle, methodHandle)+0xad
V  [libjvm.so+0x6e2bdb]  JVM_FillInStackTrace+0xcb
C  [libjava.so+0x13dd1]  Java_java_lang_Throwable_fillInStackTrace+0x11
J 251  java.lang.Throwable.fillInStackTrace(I)Ljava/lang/Throwable; (0 bytes) @ 0x00007f3d4d1899e8 [0x00007f3d4d189940+0xa8]
J 1168 C2 java.lang.Throwable.fillInStackTrace()Ljava/lang/Throwable; (29 bytes) @ 0x00007f3d4d3d0564 [0x00007f3d4d3d04e0+0x84]

Java frames: (J=compiled Java code, j=interpreted, Vv=VM code)
J 251  java.lang.Throwable.fillInStackTrace(I)Ljava/lang/Throwable; (0 bytes) @ 0x00007f3d4d189978 [0x00007f3d4d189940+0x38]
J 1168 C2 java.lang.Throwable.fillInStackTrace()Ljava/lang/Throwable; (29 bytes) @ 0x00007f3d4d3d0564 [0x00007f3d4d3d04e0+0x84]
J 5167 C2 java.lang.Throwable.<init>(Ljava/lang/String;)V (34 bytes) @ 0x00007f3d4de6b90c [0x00007f3d4de6b8a0+0x6c]
j  java.lang.Error.<init>(Ljava/lang/String;)V+2
j  java.lang.LinkageError.<init>(Ljava/lang/String;)V+2
j  java.lang.IncompatibleClassChangeError.<init>(Ljava/lang/String;)V+2
v  ~StubRoutines::call_stub
v  ~RuntimeStub::ic_miss_stub
J 2166 C1 com.sun.beans.TypeResolver.prepare(Ljava/util/Map;Ljava/lang/reflect/Type;)V (237 bytes) @ 0x00007f3d4d852c84 [0x00007f3d4d852240+0xa44]
C  0x0000000000000000
C  0x0000003800000020
V  [libjvm.so+0x2eb090]  Klass::is_klass() const volatile+0x0
C  0x9090909090c3c9e5

[error occurred during error reporting (printing Java stack), id 0xb]


---------------  P R O C E S S  ---------------

Java Threads: ( => current thread )
  0x00007f3d046cd000 JavaThread "Stdin handler" [_thread_blocked, id=10393, stack(0x00007f3d44685000,0x00007f3d44786000)]
=>0x00007f3d0800c800 JavaThread "Daemon worker Thread 7" [_thread_in_vm, id=10392, stack(0x00007f3d44786000,0x00007f3d44887000)]
  0x00007f3d08005800 JavaThread "Cancel handler" [_thread_blocked, id=10391, stack(0x00007f3d44887000,0x00007f3d44988000)]
  0x00007f3d08009000 JavaThread "Handler for socket connection from /127.0.0.1:56846 to /127.0.0.1:50154" [_thread_in_native, id=10390, stack(0x00007f3d44b88000,0x00007f3d44c89000)]
  0x00007f3d14027000 JavaThread "Daemon Thread 7" [_thread_blocked, id=10389, stack(0x00007f3d44c89000,0x00007f3d44d8a000)]
  0x00007f3d04a35000 JavaThread "File lock request listener" [_thread_in_native, id=8924, stack(0x00007f3cff8c6000,0x00007f3cff9c7000)]
  0x00007f3d5cac5000 JavaThread "Incoming local TCP Connector on port 56846" [_thread_in_native, id=8914, stack(0x00007f3d44d8a000,0x00007f3d44e8b000)]
  0x00007f3d5c0d0800 JavaThread "Service Thread" daemon [_thread_blocked, id=8912, stack(0x00007f3d45dfe000,0x00007f3d45eff000)]
  0x00007f3d5c0b0800 JavaThread "C1 CompilerThread2" daemon [_thread_blocked, id=8911, stack(0x00007f3d45eff000,0x00007f3d46000000)]
  0x00007f3d5c0ae800 JavaThread "C2 CompilerThread1" daemon [_thread_in_native, id=8910, stack(0x00007f3d4c015000,0x00007f3d4c116000)]
  0x00007f3d5c0ac000 JavaThread "C2 CompilerThread0" daemon [_thread_blocked, id=8909, stack(0x00007f3d4c116000,0x00007f3d4c217000)]
  0x00007f3d5c0aa000 JavaThread "Signal Dispatcher" daemon [_thread_blocked, id=8908, stack(0x00007f3d4c217000,0x00007f3d4c318000)]
  0x00007f3d5c07c800 JavaThread "Finalizer" daemon [_thread_blocked, id=8907, stack(0x00007f3d4c9fa000,0x00007f3d4cafb000)]
  0x00007f3d5c07a800 JavaThread "Reference Handler" daemon [_thread_blocked, id=8906, stack(0x00007f3d4cafb000,0x00007f3d4cbfc000)]
  0x00007f3d5c00a000 JavaThread "main" [_thread_blocked, id=8900, stack(0x00007f3d652e6000,0x00007f3d653e7000)]

Other Threads:
  0x00007f3d5c073800 VMThread [stack: 0x00007f3d4cbfc000,0x00007f3d4ccfd000] [id=8905]
  0x00007f3d5c0d2800 WatcherThread [stack: 0x00007f3d45cfd000,0x00007f3d45dfe000] [id=8913]

VM state:not at safepoint (normal execution)

VM Mutex/Monitor currently owned by a thread: None

Heap:
 PSYoungGen      total 263680K, used 78033K [0x00000000eab00000, 0x00000000fe300000, 0x0000000100000000)
  eden space 226304K, 34% used [0x00000000eab00000,0x00000000ef7345b8,0x00000000f8800000)
  from space 37376K, 0% used [0x00000000fb280000,0x00000000fb280000,0x00000000fd700000)
  to   space 43520K, 0% used [0x00000000f8800000,0x00000000f8800000,0x00000000fb280000)
 ParOldGen       total 103424K, used 78092K [0x00000000c0000000, 0x00000000c6500000, 0x00000000eab00000)
  object space 103424K, 75% used [0x00000000c0000000,0x00000000c4c433a0,0x00000000c6500000)
 Metaspace       used 68386K, capacity 71676K, committed 72576K, reserved 1112064K
  class space    used 9202K, capacity 10394K, committed 10880K, reserved 1048576K

Card table byte_map: [0x00007f3d61f07000,0x00007f3d62108000] byte_map_base: 0x00007f3d61907000

Marking Bits: (ParMarkBitMap*) 0x00007f3d647c22c0
 Begin Bits: [0x00007f3d46000000, 0x00007f3d47000000)
 End Bits:   [0x00007f3d47000000, 0x00007f3d48000000)

Polling page: 0x00007f3d65408000

CodeCache: size=245760Kb used=25601Kb max_used=25620Kb free=220158Kb
 bounds [0x00007f3d4d000000, 0x00007f3d4e930000, 0x00007f3d5c000000]
 total_blobs=8761 nmethods=8094 adapters=580
 compilation: enabled

Compilation events (10 events):
Event: 2958.727 Thread 0x00007f3d5c0ac000 9689       4       java.lang.reflect.Type::getTypeName (5 bytes)
Event: 2958.727 Thread 0x00007f3d5c0ae800 9690       4       sun.reflect.generics.reflectiveObjects.TypeVariableImpl::toString (5 bytes)
Event: 2958.727 Thread 0x00007f3d5c0b0800 nmethod 9688 0x00007f3d4e908b50 code [0x00007f3d4e908cc0, 0x00007f3d4e908f10]
Event: 2958.727 Thread 0x00007f3d5c0ac000 nmethod 9689 0x00007f3d4d3b3290 code [0x00007f3d4d3b33e0, 0x00007f3d4d3b3458]
Event: 2958.727 Thread 0x00007f3d5c0ac000 9691       4       sun.reflect.generics.reflectiveObjects.ParameterizedTypeImpl::toString (242 bytes)
Event: 2958.727 Thread 0x00007f3d5c0ae800 nmethod 9690 0x00007f3d4d100d90 code [0x00007f3d4d100ee0, 0x00007f3d4d100f38]
Event: 2958.730 Thread 0x00007f3d5c0ae800 9692       4       com.sun.beans.TypeResolver::resolve (37 bytes)
Event: 2958.746 Thread 0x00007f3d5c0b0800 9693       3       org.codehaus.groovy.reflection.stdclasses.CachedSAMClass::getSingleNonDuplicateMethod (104 bytes)
Event: 2958.747 Thread 0x00007f3d5c0b0800 nmethod 9693 0x00007f3d4e91dbd0 code [0x00007f3d4e91de40, 0x00007f3d4e91f068]
Event: 2958.782 Thread 0x00007f3d5c0ac000 nmethod 9691 0x00007f3d4e926790 code [0x00007f3d4e926a80, 0x00007f3d4e928d00]

GC Heap History (10 events):
Event: 2063.168 GC heap before
{Heap before GC invocations=23 (full 6):
 PSYoungGen      total 239616K, used 17359K [0x00000000eab00000, 0x00000000fb100000, 0x0000000100000000)
  eden space 210944K, 0% used [0x00000000eab00000,0x00000000eab00000,0x00000000f7900000)
  from space 28672K, 60% used [0x00000000f7900000,0x00000000f89f3ff8,0x00000000f9500000)
  to   space 28672K, 0% used [0x00000000f9500000,0x00000000f9500000,0x00000000fb100000)
 ParOldGen       total 103424K, used 77214K [0x00000000c0000000, 0x00000000c6500000, 0x00000000eab00000)
  object space 103424K, 74% used [0x00000000c0000000,0x00000000c4b67b68,0x00000000c6500000)
 Metaspace       used 67450K, capacity 71424K, committed 71552K, reserved 1110016K
  class space    used 9329K, capacity 10801K, committed 10880K, reserved 1048576K
Event: 2063.438 GC heap after
Heap after GC invocations=23 (full 6):
 PSYoungGen      total 239616K, used 0K [0x00000000eab00000, 0x00000000fb100000, 0x0000000100000000)
  eden space 210944K, 0% used [0x00000000eab00000,0x00000000eab00000,0x00000000f7900000)
  from space 28672K, 0% used [0x00000000f7900000,0x00000000f7900000,0x00000000f9500000)
  to   space 28672K, 0% used [0x00000000f9500000,0x00000000f9500000,0x00000000fb100000)
 ParOldGen       total 103424K, used 53123K [0x00000000c0000000, 0x00000000c6500000, 0x00000000eab00000)
  object space 103424K, 51% used [0x00000000c0000000,0x00000000c33e0d50,0x00000000c6500000)
 Metaspace       used 52846K, capacity 54296K, committed 71552K, reserved 1110016K
  class space    used 6950K, capacity 7469K, committed 10880K, reserved 1048576K
}
Event: 2144.301 GC heap before
{Heap before GC invocations=24 (full 6):
 PSYoungGen      total 239616K, used 210944K [0x00000000eab00000, 0x00000000fb100000, 0x0000000100000000)
  eden space 210944K, 100% used [0x00000000eab00000,0x00000000f7900000,0x00000000f7900000)
  from space 28672K, 0% used [0x00000000f7900000,0x00000000f7900000,0x00000000f9500000)
  to   space 28672K, 0% used [0x00000000f9500000,0x00000000f9500000,0x00000000fb100000)
 ParOldGen       total 103424K, used 53123K [0x00000000c0000000, 0x00000000c6500000, 0x00000000eab00000)
  object space 103424K, 51% used [0x00000000c0000000,0x00000000c33e0d50,0x00000000c6500000)
 Metaspace       used 58710K, capacity 61048K, committed 71552K, reserved 1110016K
  class space    used 7816K, capacity 8631K, committed 10880K, reserved 1048576K
Event: 2144.335 GC heap after
Heap after GC invocations=24 (full 6):
 PSYoungGen      total 237568K, used 23401K [0x00000000eab00000, 0x00000000fd180000, 0x0000000100000000)
  eden space 208896K, 0% used [0x00000000eab00000,0x00000000eab00000,0x00000000f7700000)
  from space 28672K, 81% used [0x00000000f9500000,0x00000000fabda410,0x00000000fb100000)
  to   space 30720K, 0% used [0x00000000f7700000,0x00000000f7700000,0x00000000f9500000)
 ParOldGen       total 103424K, used 53131K [0x00000000c0000000, 0x00000000c6500000, 0x00000000eab00000)
  object space 103424K, 51% used [0x00000000c0000000,0x00000000c33e2d50,0x00000000c6500000)
 Metaspace       used 58710K, capacity 61048K, committed 71552K, reserved 1110016K
  class space    used 7816K, capacity 8631K, committed 10880K, reserved 1048576K
}
Event: 2242.806 GC heap before
{Heap before GC invocations=25 (full 6):
 PSYoungGen      total 237568K, used 232297K [0x00000000eab00000, 0x00000000fd180000, 0x0000000100000000)
  eden space 208896K, 100% used [0x00000000eab00000,0x00000000f7700000,0x00000000f7700000)
  from space 28672K, 81% used [0x00000000f9500000,0x00000000fabda410,0x00000000fb100000)
  to   space 30720K, 0% used [0x00000000f7700000,0x00000000f7700000,0x00000000f9500000)
 ParOldGen       total 103424K, used 53131K [0x00000000c0000000, 0x00000000c6500000, 0x00000000eab00000)
  object space 103424K, 51% used [0x00000000c0000000,0x00000000c33e2d50,0x00000000c6500000)
 Metaspace       used 64407K, capacity 67441K, committed 71552K, reserved 1110016K
  class space    used 8607K, capacity 9716K, committed 10880K, reserved 1048576K
Event: 2242.874 GC heap after
Heap after GC invocations=25 (full 6):
 PSYoungGen      total 239616K, used 30703K [0x00000000eab00000, 0x00000000fd700000, 0x0000000100000000)
  eden space 208896K, 0% used [0x00000000eab00000,0x00000000eab00000,0x00000000f7700000)
  from space 30720K, 99% used [0x00000000f7700000,0x00000000f94fbe38,0x00000000f9500000)
  to   space 37376K, 0% used [0x00000000fb280000,0x00000000fb280000,0x00000000fd700000)
 ParOldGen       total 103424K, used 59656K [0x00000000c0000000, 0x00000000c6500000, 0x00000000eab00000)
  object space 103424K, 57% used [0x00000000c0000000,0x00000000c3a42218,0x00000000c6500000)
 Metaspace       used 64407K, capacity 67441K, committed 71552K, reserved 1110016K
  class space    used 8607K, capacity 9716K, committed 10880K, reserved 1048576K
}
Event: 2244.623 GC heap before
{Heap before GC invocations=26 (full 6):
 PSYoungGen      total 239616K, used 136558K [0x00000000eab00000, 0x00000000fd700000, 0x0000000100000000)
  eden space 208896K, 50% used [0x00000000eab00000,0x00000000f125fb40,0x00000000f7700000)
  from space 30720K, 99% used [0x00000000f7700000,0x00000000f94fbe38,0x00000000f9500000)
  to   space 37376K, 0% used [0x00000000fb280000,0x00000000fb280000,0x00000000fd700000)
 ParOldGen       total 103424K, used 59656K [0x00000000c0000000, 0x00000000c6500000, 0x00000000eab00000)
  object space 103424K, 57% used [0x00000000c0000000,0x00000000c3a42218,0x00000000c6500000)
 Metaspace       used 67438K, capacity 70644K, committed 71808K, reserved 1110016K
  class space    used 9105K, capacity 10252K, committed 10880K, reserved 1048576K
Event: 2244.670 GC heap after
Heap after GC invocations=26 (full 6):
 PSYoungGen      total 263680K, used 37356K [0x00000000eab00000, 0x00000000fe300000, 0x0000000100000000)
  eden space 226304K, 0% used [0x00000000eab00000,0x00000000eab00000,0x00000000f8800000)
  from space 37376K, 99% used [0x00000000fb280000,0x00000000fd6fb228,0x00000000fd700000)
  to   space 43520K, 0% used [0x00000000f8800000,0x00000000f8800000,0x00000000fb280000)
 ParOldGen       total 103424K, used 61671K [0x00000000c0000000, 0x00000000c6500000, 0x00000000eab00000)
  object space 103424K, 59% used [0x00000000c0000000,0x00000000c3c39c38,0x00000000c6500000)
 Metaspace       used 67438K, capacity 70644K, committed 71808K, reserved 1110016K
  class space    used 9105K, capacity 10252K, committed 10880K, reserved 1048576K
}
Event: 2244.671 GC heap before
{Heap before GC invocations=27 (full 7):
 PSYoungGen      total 263680K, used 37356K [0x00000000eab00000, 0x00000000fe300000, 0x0000000100000000)
  eden space 226304K, 0% used [0x00000000eab00000,0x00000000eab00000,0x00000000f8800000)
  from space 37376K, 99% used [0x00000000fb280000,0x00000000fd6fb228,0x00000000fd700000)
  to   space 43520K, 0% used [0x00000000f8800000,0x00000000f8800000,0x00000000fb280000)
 ParOldGen       total 103424K, used 61671K [0x00000000c0000000, 0x00000000c6500000, 0x00000000eab00000)
  object space 103424K, 59% used [0x00000000c0000000,0x00000000c3c39c38,0x00000000c6500000)
 Metaspace       used 67438K, capacity 70644K, committed 71808K, reserved 1110016K
  class space    used 9105K, capacity 10252K, committed 10880K, reserved 1048576K
Event: 2245.185 GC heap after
Heap after GC invocations=27 (full 7):
 PSYoungGen      total 263680K, used 0K [0x00000000eab00000, 0x00000000fe300000, 0x0000000100000000)
  eden space 226304K, 0% used [0x00000000eab00000,0x00000000eab00000,0x00000000f8800000)
  from space 37376K, 0% used [0x00000000fb280000,0x00000000fb280000,0x00000000fd700000)
  to   space 43520K, 0% used [0x00000000f8800000,0x00000000f8800000,0x00000000fb280000)
 ParOldGen       total 103424K, used 78092K [0x00000000c0000000, 0x00000000c6500000, 0x00000000eab00000)
  object space 103424K, 75% used [0x00000000c0000000,0x00000000c4c433a0,0x00000000c6500000)
 Metaspace       used 67268K, capacity 70074K, committed 71808K, reserved 1110016K
  class space    used 9068K, capacity 10082K, committed 10880K, reserved 1048576K
}

Deoptimization events (10 events):
Event: 2063.467 Thread 0x00007f3d5c00a000 Uncommon trap: reason=class_check action=maybe_recompile pc=0x00007f3d4d420ea8 method=java.util.concurrent.ConcurrentHashMap.putVal(Ljava/lang/Object;Ljava/lang/Object;Z)Ljava/lang/Object; @ 192
Event: 2142.717 Thread 0x00007f3d08009000 Uncommon trap: reason=null_check action=make_not_entrant pc=0x00007f3d4e1f969c method=java.lang.Class.reflectionData()Ljava/lang/Class$ReflectionData; @ 24
Event: 2142.722 Thread 0x00007f3d08009000 Uncommon trap: reason=null_check action=make_not_entrant pc=0x00007f3d4e1f0b24 method=org.codehaus.groovy.reflection.ClassInfo.getWeakMetaClass()Lgroovy/lang/MetaClass; @ 17
Event: 2142.723 Thread 0x00007f3d08009000 Uncommon trap: reason=unreached action=reinterpret pc=0x00007f3d4e4e2af8 method=org.codehaus.groovy.util.LazyReference.get()Ljava/lang/Object; @ 33
Event: 2142.727 Thread 0x00007f3d08009000 Uncommon trap: reason=null_check action=make_not_entrant pc=0x00007f3d4db7ad78 method=java.beans.MethodRef.get()Ljava/lang/reflect/Method; @ 16
Event: 2142.751 Thread 0x00007f3d08009000 Uncommon trap: reason=unreached action=reinterpret pc=0x00007f3d4d348d78 method=org.codehaus.groovy.util.LazyReference.get()Ljava/lang/Object; @ 33
Event: 2142.751 Thread 0x00007f3d08009000 Uncommon trap: reason=null_check action=make_not_entrant pc=0x00007f3d4e3fc34c method=java.lang.Class.reflectionData()Ljava/lang/Class$ReflectionData; @ 24
Event: 2143.758 Thread 0x00007f3d08009000 Uncommon trap: reason=null_check action=make_not_entrant pc=0x00007f3d4e4cec98 method=java.util.jar.JarFile.getManifestFromReference()Ljava/util/jar/Manifest; @ 14
Event: 2145.637 Thread 0x00007f3d08009000 Uncommon trap: reason=class_check action=maybe_recompile pc=0x00007f3d4dfda748 method=java.util.AbstractList$Itr.next()Ljava/lang/Object; @ 14
Event: 2242.975 Thread 0x00007f3d08005800 Uncommon trap: reason=predicate action=maybe_recompile pc=0x00007f3d4d923760 method=java.util.TimSort.reverseRange([Ljava/lang/Object;II)V @ 8

Internal exceptions (10 events):
Event: 2958.764 Thread 0x00007f3d0800c800 Exception <a 'java/lang/ClassNotFoundException': com/google/common/collect/AbstractListMultimapBeanInfo> (0x00000000ef6ebd00) thrown at [/HUDSON/workspace/8-2-build-linux-amd64/jdk8u25/1514/hotspot/src/share/vm/classfile/systemDictionary.cpp, line 202]
Event: 2958.764 Thread 0x00007f3d0800c800 Exception <a 'java/security/PrivilegedActionException'> (0x00000000ef6f0d18) thrown at [/HUDSON/workspace/8-2-build-linux-amd64/jdk8u25/1514/hotspot/src/share/vm/prims/jvm.cpp, line 1312]
Event: 2958.764 Thread 0x00007f3d0800c800 Exception <a 'java/security/PrivilegedActionException'> (0x00000000ef6f59a0) thrown at [/HUDSON/workspace/8-2-build-linux-amd64/jdk8u25/1514/hotspot/src/share/vm/prims/jvm.cpp, line 1312]
Event: 2958.764 Thread 0x00007f3d0800c800 Exception <a 'java/lang/ClassNotFoundException': com/google/common/collect/AbstractMapBasedMultimapBeanInfo> (0x00000000ef6f60a8) thrown at [/HUDSON/workspace/8-2-build-linux-amd64/jdk8u25/1514/hotspot/src/share/vm/classfile/systemDictionary.cpp, line 202
Event: 2958.765 Thread 0x00007f3d0800c800 Exception <a 'java/security/PrivilegedActionException'> (0x00000000ef6faa38) thrown at [/HUDSON/workspace/8-2-build-linux-amd64/jdk8u25/1514/hotspot/src/share/vm/prims/jvm.cpp, line 1312]
Event: 2958.765 Thread 0x00007f3d0800c800 Exception <a 'java/security/PrivilegedActionException'> (0x00000000ef6ff070) thrown at [/HUDSON/workspace/8-2-build-linux-amd64/jdk8u25/1514/hotspot/src/share/vm/prims/jvm.cpp, line 1312]
Event: 2958.765 Thread 0x00007f3d0800c800 Exception <a 'java/lang/ClassNotFoundException': com/google/common/collect/AbstractMultimapBeanInfo> (0x00000000ef6ff768) thrown at [/HUDSON/workspace/8-2-build-linux-amd64/jdk8u25/1514/hotspot/src/share/vm/classfile/systemDictionary.cpp, line 202]
Event: 2958.765 Thread 0x00007f3d0800c800 Exception <a 'java/security/PrivilegedActionException'> (0x00000000ef7043a0) thrown at [/HUDSON/workspace/8-2-build-linux-amd64/jdk8u25/1514/hotspot/src/share/vm/prims/jvm.cpp, line 1312]
Event: 2958.765 Thread 0x00007f3d0800c800 Exception <a 'java/security/PrivilegedActionException'> (0x00000000ef708ce0) thrown at [/HUDSON/workspace/8-2-build-linux-amd64/jdk8u25/1514/hotspot/src/share/vm/prims/jvm.cpp, line 1312]
Event: 2958.765 Thread 0x00007f3d0800c800 Exception <a 'java/lang/ClassNotFoundException': com/google/common/collect/AbstractMultimapCustomizer> (0x00000000ef7093d8) thrown at [/HUDSON/workspace/8-2-build-linux-amd64/jdk8u25/1514/hotspot/src/share/vm/classfile/systemDictionary.cpp, line 202]

Events (10 events):
Event: 2958.764 loading class com/google/common/collect/ArrayListMultimapBeanInfo
Event: 2958.764 loading class com/google/common/collect/ArrayListMultimapBeanInfo done
Event: 2958.764 loading class com/google/common/collect/AbstractListMultimapBeanInfo
Event: 2958.764 loading class com/google/common/collect/AbstractListMultimapBeanInfo done
Event: 2958.764 loading class com/google/common/collect/AbstractMapBasedMultimapBeanInfo
Event: 2958.764 loading class com/google/common/collect/AbstractMapBasedMultimapBeanInfo done
Event: 2958.765 loading class com/google/common/collect/AbstractMultimapBeanInfo
Event: 2958.765 loading class com/google/common/collect/AbstractMultimapBeanInfo done
Event: 2958.765 loading class com/google/common/collect/AbstractMultimapCustomizer
Event: 2958.765 loading class com/google/common/collect/AbstractMultimapCustomizer done


Dynamic libraries:
00400000-00401000 r-xp 00000000 08:09 798311                             /usr/local/java/jdk1.8.0_25/bin/java
00600000-00601000 rw-p 00000000 08:09 798311                             /usr/local/java/jdk1.8.0_25/bin/java
01e85000-01ea6000 rw-p 00000000 00:00 0                                  [heap]
c0000000-c6500000 rw-p 00000000 00:00 0 
c6500000-eab00000 ---p 00000000 00:00 0 
eab00000-fe300000 rw-p 00000000 00:00 0 
fe300000-100000000 ---p 00000000 00:00 0 
100000000-100aa0000 rw-p 00000000 00:00 0 
100aa0000-140000000 ---p 00000000 00:00 0 
7f3cdc000000-7f3cdc021000 rw-p 00000000 00:00 0 
7f3cdc021000-7f3ce0000000 ---p 00000000 00:00 0 
7f3ce0000000-7f3ce0021000 rw-p 00000000 00:00 0 
7f3ce0021000-7f3ce4000000 ---p 00000000 00:00 0 
7f3ce4000000-7f3ce4021000 rw-p 00000000 00:00 0 
7f3ce4021000-7f3ce8000000 ---p 00000000 00:00 0 
7f3ce8000000-7f3ce8021000 rw-p 00000000 00:00 0 
7f3ce8021000-7f3cec000000 ---p 00000000 00:00 0 
7f3cec000000-7f3cec021000 rw-p 00000000 00:00 0 
7f3cec021000-7f3cf0000000 ---p 00000000 00:00 0 
7f3cf0000000-7f3cf0021000 rw-p 00000000 00:00 0 
7f3cf0021000-7f3cf4000000 ---p 00000000 00:00 0 
7f3cf4000000-7f3cf4021000 rw-p 00000000 00:00 0 
7f3cf4021000-7f3cf8000000 ---p 00000000 00:00 0 
7f3cf8000000-7f3cf8021000 rw-p 00000000 00:00 0 
7f3cf8021000-7f3cfc000000 ---p 00000000 00:00 0 
7f3cfcad8000-7f3cfcb19000 rw-p 00000000 00:00 0 
7f3cfcb19000-7f3cfccdc000 ---p 00000000 00:00 0 
7f3cfccdc000-7f3cfcfda000 rw-p 00000000 00:00 0 
7f3cfcfda000-7f3cfd1da000 rw-p 00000000 00:00 0 
7f3cfd1da000-7f3cfd3da000 rw-p 00000000 00:00 0 
7f3cfd3da000-7f3cfd5da000 rw-p 00000000 00:00 0 
7f3cfd5da000-7f3cfd7da000 rw-p 00000000 00:00 0 
7f3cfd7da000-7f3cfd9da000 rw-p 00000000 00:00 0 
7f3cfd9da000-7f3cfdbda000 rw-p 00000000 00:00 0 
7f3cfdbda000-7f3cfddda000 rw-p 00000000 00:00 0 
7f3cfddda000-7f3cfdfda000 rw-p 00000000 00:00 0 
7f3cfdfda000-7f3cfe1da000 rw-p 00000000 00:00 0 
7f3cfe1da000-7f3cfe1dd000 ---p 00000000 00:00 0 
7f3cfe1dd000-7f3cfe2db000 rw-p 00000000 00:00 0 
7f3cfe2db000-7f3cfe2de000 ---p 00000000 00:00 0 
7f3cfe2de000-7f3cfe5dc000 rw-p 00000000 00:00 0 
7f3cfe5dc000-7f3cfe5df000 ---p 00000000 00:00 0 
7f3cfe5df000-7f3cfe6dd000 rw-p 00000000 00:00 0 
7f3cfe6dd000-7f3cfe6e0000 ---p 00000000 00:00 0 
7f3cfe6e0000-7f3cfe9de000 rw-p 00000000 00:00 0 
7f3cfe9de000-7f3cfebde000 rw-p 00000000 00:00 0 
7f3cfebde000-7f3cfedde000 rw-p 00000000 00:00 0 
7f3cfedde000-7f3cfedf1000 r--s 00344000 08:09 2761308                    /usr/local/java/jdk1.8.0_25/jre/lib/resources.jar
7f3cfedf1000-7f3cfeff1000 rw-p 00000000 00:00 0 
7f3cfeff1000-7f3cff1f1000 rw-p 00000000 00:00 0 
7f3cff1f1000-7f3cff3f1000 rw-p 00000000 00:00 0 
7f3cff3f1000-7f3cff3f3000 r--s 00001000 08:09 689850                     /usr/local/java/jdk1.8.0_25/jre/lib/ext/dnsns.jar
7f3cff3f3000-7f3cff5f3000 rw-p 00000000 00:00 0 
7f3cff5f3000-7f3cff5f5000 r--s 0000d000 08:0a 1707874                    /home/jesal/Programs/android-studio/gradle/m2repository/commons-codec/commons-codec/1.4/commons-codec-1.4.jar
7f3cff5f5000-7f3cff5f7000 r--s 0000d000 08:0a 1574046                    /home/jesal/Programs/android-studio/gradle/m2repository/commons-logging/commons-logging/1.1.1/commons-logging-1.1.1.jar
7f3cff5f7000-7f3cff5fc000 r--s 00028000 08:0a 1574080                    /home/jesal/Programs/android-studio/gradle/m2repository/org/apache/httpcomponents/httpcore/4.1/httpcore-4.1.jar
7f3cff5fc000-7f3cff5fe000 r--s 00004000 08:0a 1707734                    /home/jesal/Programs/android-studio/gradle/m2repository/org/ow2/asm/asm-tree/4.0/asm-tree-4.0.jar
7f3cff5fe000-7f3cff607000 r--s 000a7000 08:0a 1707787                    /home/jesal/Programs/android-studio/gradle/m2repository/com/android/tools/external/lombok/lombok-ast/0.2.2/lombok-ast-0.2.2.jar
7f3cff607000-7f3cff609000 r--s 0000a000 08:0a 1707731                    /home/jesal/Programs/android-studio/gradle/m2repository/org/ow2/asm/asm/4.0/asm-4.0.jar
7f3cff609000-7f3cff60a000 r--s 0000a000 08:0a 1707870                    /home/jesal/Programs/android-studio/gradle/m2repository/net/sf/kxml/kxml2/2.3.0/kxml2-2.3.0.jar
7f3cff60a000-7f3cff635000 r--s 001f9000 08:0a 1707758                    /home/jesal/Programs/android-studio/gradle/m2repository/com/google/guava/guava/17.0/guava-17.0.jar
7f3cff635000-7f3cff63c000 r--s 00053000 08:0a 1574097                    /home/jesal/Programs/android-studio/gradle/m2repository/org/apache/commons/commons-compress/1.8.1/commons-compress-1.8.1.jar
7f3cff63c000-7f3cff63f000 r--s 00011000 08:0a 1707792                    /home/jesal/Programs/android-studio/gradle/m2repository/com/android/tools/layoutlib/layoutlib-api/24.0.0/layoutlib-api-24.0.0.jar
7f3cff63f000-7f3cff641000 r--s 00005000 08:0a 1574073                    /home/jesal/Programs/android-studio/gradle/m2repository/org/apache/httpcomponents/httpmime/4.1/httpmime-4.1.jar
7f3cff641000-7f3cff649000 r--s 0004e000 08:0a 1574089                    /home/jesal/Programs/android-studio/gradle/m2repository/org/apache/httpcomponents/httpclient/4.1.1/httpclient-4.1.1.jar
7f3cff649000-7f3cff64a000 r--s 00005000 08:0a 1707803                    /home/jesal/Programs/android-studio/gradle/m2repository/com/android/tools/dvlib/24.0.0/dvlib-24.0.0.jar
7f3cff64a000-7f3cff64b000 r--s 00004000 08:0a 1707723                    /home/jesal/Programs/android-studio/gradle/m2repository/org/ow2/asm/asm-analysis/4.0/asm-analysis-4.0.jar
7f3cff64b000-7f3cff64e000 r--s 00029000 08:0a 1707779                    /home/jesal/Programs/android-studio/gradle/m2repository/com/android/tools/lint/lint-api/24.0.0/lint-api-24.0.0.jar
7f3cff64e000-7f3cff65e000 r--s 000d3000 08:0a 1707852                    /home/jesal/Programs/android-studio/gradle/m2repository/net/sf/proguard/proguard-base/5.1/proguard-base-5.1.jar
7f3cff65e000-7f3cff66c000 r--s 00081000 08:0a 1574115                    /home/jesal/Programs/android-studio/gradle/m2repository/org/bouncycastle/bcpkix-jdk15on/1.48/bcpkix-jdk15on-1.48.jar
7f3cff66c000-7f3cff66e000 r--s 00003000 08:0a 1707823                    /home/jesal/Programs/android-studio/gradle/m2repository/com/android/tools/build/builder-model/1.0.0/builder-model-1.0.0.jar
7f3cff66e000-7f3cff671000 r--s 00029000 08:0a 1707840                    /home/jesal/Programs/android-studio/gradle/m2repository/com/android/tools/build/manifest-merger/24.0.0/manifest-merger-24.0.0.jar
7f3cff671000-7f3cff676000 r--s 00042000 08:0a 1707813                    /home/jesal/Programs/android-studio/gradle/m2repository/com/android/tools/ddms/ddmlib/24.0.0/ddmlib-24.0.0.jar
7f3cff676000-7f3cff678000 r--s 00002000 08:0a 1707748                    /home/jesal/Programs/android-studio/gradle/m2repository/com/squareup/javawriter/2.5.0/javawriter-2.5.0.jar
7f3cff678000-7f3cff67a000 r--s 00014000 08:0a 1707806                    /home/jesal/Programs/android-studio/gradle/m2repository/com/android/tools/common/24.0.0/common-24.0.0.jar
7f3cff67a000-7f3cff684000 r--s 000a8000 08:0a 1707843                    /home/jesal/Programs/android-studio/gradle/m2repository/com/android/tools/sdklib/24.0.0/sdklib-24.0.0.jar
7f3cff684000-7f3cff6b7000 r--s 00203000 08:0a 1574121                    /home/jesal/Programs/android-studio/gradle/m2repository/org/bouncycastle/bcprov-jdk15on/1.48/bcprov-jdk15on-1.48.jar
7f3cff6b7000-7f3cff6c6000 r--s 001a9000 08:0a 1574059                    /home/jesal/Programs/android-studio/gradle/m2repository/org/eclipse/jdt/core/compiler/ecj/4.2.2/ecj-4.2.2.jar
7f3cff6c6000-7f3cff8c6000 rw-p 00000000 00:00 0 
7f3cff8c6000-7f3cff8c9000 ---p 00000000 00:00 0 
7f3cff8c9000-7f3cffbc7000 rw-p 00000000 00:00 0                          [stack:8924]
7f3cffbc7000-7f3cffdc7000 rw-p 00000000 00:00 0 
7f3cffdc7000-7f3cfffc7000 rw-p 00000000 00:00 0 
7f3cfffc7000-7f3cfffca000 ---p 00000000 00:00 0 
7f3cfffca000-7f3d00000000 rw-p 00000000 00:00 0 
7f3d00000000-7f3d00021000 rw-p 00000000 00:00 0 
7f3d00021000-7f3d04000000 ---p 00000000 00:00 0 
7f3d04000000-7f3d0525a000 rw-p 00000000 00:00 0 
7f3d0525a000-7f3d08000000 ---p 00000000 00:00 0 
7f3d08000000-7f3d08032000 rw-p 00000000 00:00 0 
7f3d08032000-7f3d0c000000 ---p 00000000 00:00 0 
7f3d0c000000-7f3d0c775000 rw-p 00000000 00:00 0 
7f3d0c775000-7f3d10000000 ---p 00000000 00:00 0 
7f3d10000000-7f3d10021000 rw-p 00000000 00:00 0 
7f3d10021000-7f3d14000000 ---p 00000000 00:00 0 
7f3d14000000-7f3d1402c000 rw-p 00000000 00:00 0 
7f3d1402c000-7f3d18000000 ---p 00000000 00:00 0 
7f3d18000000-7f3d18ba9000 rw-p 00000000 00:00 0 
7f3d18ba9000-7f3d1c000000 ---p 00000000 00:00 0 
7f3d1c000000-7f3d1c021000 rw-p 00000000 00:00 0 
7f3d1c021000-7f3d20000000 ---p 00000000 00:00 0 
7f3d20000000-7f3d21eed000 rw-p 00000000 00:00 0 
7f3d21eed000-7f3d24000000 ---p 00000000 00:00 0 
7f3d24000000-7f3d25cf2000 rw-p 00000000 00:00 0 
7f3d25cf2000-7f3d28000000 ---p 00000000 00:00 0 
7f3d28000000-7f3d28021000 rw-p 00000000 00:00 0 
7f3d28021000-7f3d2c000000 ---p 00000000 00:00 0 
7f3d2c000000-7f3d2c021000 rw-p 00000000 00:00 0 
7f3d2c021000-7f3d30000000 ---p 00000000 00:00 0 
7f3d30000000-7f3d30204000 rw-p 00000000 00:00 0 
7f3d30204000-7f3d34000000 ---p 00000000 00:00 0 
7f3d34000000-7f3d34021000 rw-p 00000000 00:00 0 
7f3d34021000-7f3d38000000 ---p 00000000 00:00 0 
7f3d38000000-7f3d38026000 rw-p 00000000 00:00 0 
7f3d38026000-7f3d3c000000 ---p 00000000 00:00 0 
7f3d3c000000-7f3d3c021000 rw-p 00000000 00:00 0 
7f3d3c021000-7f3d40000000 ---p 00000000 00:00 0 
7f3d40000000-7f3d40021000 rw-p 00000000 00:00 0 
7f3d40021000-7f3d44000000 ---p 00000000 00:00 0 
7f3d44000000-7f3d44001000 r--s 00000000 08:0a 1707830                    /home/jesal/Programs/android-studio/gradle/m2repository/com/android/tools/build/builder-test-api/1.0.0/builder-test-api-1.0.0.jar
7f3d44001000-7f3d44006000 r--s 00047000 08:0a 1707796                    /home/jesal/Programs/android-studio/gradle/m2repository/com/android/tools/sdk-common/24.0.0/sdk-common-24.0.0.jar
7f3d44006000-7f3d4400b000 r--s 0008c000 08:0a 1707774                    /home/jesal/Programs/android-studio/gradle/m2repository/com/android/tools/lint/lint-checks/24.0.0/lint-checks-24.0.0.jar
7f3d4400b000-7f3d4400c000 r--s 00002000 08:0a 1707857                    /home/jesal/Programs/android-studio/gradle/m2repository/net/sf/proguard/proguard-gradle/5.1/proguard-gradle-5.1.jar
7f3d4400c000-7f3d4420c000 rw-p 00000000 00:00 0 
7f3d4420c000-7f3d4440c000 rw-p 00000000 00:00 0 
7f3d4440c000-7f3d4460c000 rw-p 00000000 00:00 0 
7f3d4460c000-7f3d44685000 r--s 010df000 08:09 2496734                    /usr/local/java/jdk1.8.0_25/lib/tools.jar
7f3d44685000-7f3d44688000 ---p 00000000 00:00 0 
7f3d44688000-7f3d44786000 rw-p 00000000 00:00 0                          [stack:10393]
7f3d44786000-7f3d44789000 ---p 00000000 00:00 0 
7f3d44789000-7f3d44887000 rw-p 00000000 00:00 0                          [stack:10392]
7f3d44887000-7f3d4488a000 ---p 00000000 00:00 0 
7f3d4488a000-7f3d44b88000 rw-p 00000000 00:00 0                          [stack:10391]
7f3d44b88000-7f3d44b8b000 ---p 00000000 00:00 0 
7f3d44b8b000-7f3d44c89000 rw-p 00000000 00:00 0                          [stack:10390]
7f3d44c89000-7f3d44c8c000 ---p 00000000 00:00 0 
7f3d44c8c000-7f3d44d8a000 rw-p 00000000 00:00 0                          [stack:10389]
7f3d44d8a000-7f3d44d8d000 ---p 00000000 00:00 0 
7f3d44d8d000-7f3d44e8b000 rw-p 00000000 00:00 0                          [stack:8914]
7f3d44e8b000-7f3d44e9c000 r-xp 00000000 08:09 407595                     /usr/local/java/jdk1.8.0_25/jre/lib/amd64/libnio.so
7f3d44e9c000-7f3d4509b000 ---p 00011000 08:09 407595                     /usr/local/java/jdk1.8.0_25/jre/lib/amd64/libnio.so
7f3d4509b000-7f3d4509c000 rw-p 00010000 08:09 407595                     /usr/local/java/jdk1.8.0_25/jre/lib/amd64/libnio.so
7f3d4509c000-7f3d450b2000 r-xp 00000000 08:09 407574                     /usr/local/java/jdk1.8.0_25/jre/lib/amd64/libnet.so
7f3d450b2000-7f3d452b2000 ---p 00016000 08:09 407574                     /usr/local/java/jdk1.8.0_25/jre/lib/amd64/libnet.so
7f3d452b2000-7f3d452b3000 rw-p 00016000 08:09 407574                     /usr/local/java/jdk1.8.0_25/jre/lib/amd64/libnet.so
7f3d452b3000-7f3d452c9000 r-xp 00000000 08:09 1050578                    /lib/x86_64-linux-gnu/libgcc_s.so.1
7f3d452c9000-7f3d454c8000 ---p 00016000 08:09 1050578                    /lib/x86_64-linux-gnu/libgcc_s.so.1
7f3d454c8000-7f3d454c9000 rw-p 00015000 08:09 1050578                    /lib/x86_64-linux-gnu/libgcc_s.so.1
7f3d454c9000-7f3d455af000 r-xp 00000000 08:09 2496012                    /usr/lib/x86_64-linux-gnu/libstdc++.so.6.0.19
7f3d455af000-7f3d457ae000 ---p 000e6000 08:09 2496012                    /usr/lib/x86_64-linux-gnu/libstdc++.so.6.0.19
7f3d457ae000-7f3d457b6000 r--p 000e5000 08:09 2496012                    /usr/lib/x86_64-linux-gnu/libstdc++.so.6.0.19
7f3d457b6000-7f3d457b8000 rw-p 000ed000 08:09 2496012                    /usr/lib/x86_64-linux-gnu/libstdc++.so.6.0.19
7f3d457b8000-7f3d457cd000 rw-p 00000000 00:00 0 
7f3d457cd000-7f3d457d1000 r--s 00031000 08:0a 1707820                    /home/jesal/Programs/android-studio/gradle/m2repository/com/android/tools/build/builder/1.0.0/builder-1.0.0.jar
7f3d457d1000-7f3d457d3000 r--s 00018000 08:0a 1707769                    /home/jesal/Programs/android-studio/gradle/m2repository/com/android/tools/lint/lint/24.0.0/lint-24.0.0.jar
7f3d457d3000-7f3d457e3000 r--s 00138000 08:0a 1707835                    /home/jesal/Programs/android-studio/gradle/m2repository/com/android/tools/build/gradle/1.0.0/gradle-1.0.0.jar
7f3d457e3000-7f3d457e4000 r--p 00000000 00:00 0 
7f3d457e4000-7f3d457eb000 r--s 00000000 08:09 2766359                    /usr/lib/x86_64-linux-gnu/gconv/gconv-modules.cache
7f3d457eb000-7f3d457ef000 r-xp 00000000 08:09 784946                     /tmp/native-platform7760853328288183019dir/libnative-platform.so
7f3d457ef000-7f3d459ee000 ---p 00004000 08:09 784946                     /tmp/native-platform7760853328288183019dir/libnative-platform.so
7f3d459ee000-7f3d459ef000 rw-p 00003000 08:09 784946                     /tmp/native-platform7760853328288183019dir/libnative-platform.so
7f3d459ef000-7f3d459f3000 r--s 00093000 08:09 2761300                    /usr/local/java/jdk1.8.0_25/jre/lib/jsse.jar
7f3d459f3000-7f3d459f4000 r--s 00001000 08:0a 1574028                    /home/jesal/Programs/android-studio/gradle/gradle-2.2.1/lib/plugins/gradle-plugin-development-2.2.1.jar
7f3d459f4000-7f3d459f6000 r--s 00002000 08:0a 1573949                    /home/jesal/Programs/android-studio/gradle/gradle-2.2.1/lib/plugins/gradle-cunit-2.2.1.jar
7f3d459f6000-7f3d459fb000 r--s 00036000 08:0a 1574017                    /home/jesal/Programs/android-studio/gradle/gradle-2.2.1/lib/plugins/gradle-ide-native-2.2.1.jar
7f3d459fb000-7f3d45a00000 r--s 00013000 08:0a 1573987                    /home/jesal/Programs/android-studio/gradle/gradle-2.2.1/lib/plugins/gradle-language-native-2.2.1.jar
7f3d45a00000-7f3d45a0b000 r--s 0004d000 08:0a 1574000                    /home/jesal/Programs/android-studio/gradle/gradle-2.2.1/lib/plugins/gradle-platform-native-2.2.1.jar
7f3d45a0b000-7f3d45a0d000 r--s 00008000 08:0a 1573971                    /home/jesal/Programs/android-studio/gradle/gradle-2.2.1/lib/plugins/gradle-language-groovy-2.2.1.jar
7f3d45a0d000-7f3d45a12000 r--s 00022000 08:0a 1574036                    /home/jesal/Programs/android-studio/gradle/gradle-2.2.1/lib/plugins/gradle-language-java-2.2.1.jar
7f3d45a12000-7f3d45a15000 r--s 00007000 08:0a 1574005                    /home/jesal/Programs/android-studio/gradle/gradle-2.2.1/lib/plugins/gradle-language-jvm-2.2.1.jar
7f3d45a15000-7f3d45a18000 r--s 00009000 08:0a 1573974                    /home/jesal/Programs/android-studio/gradle/gradle-2.2.1/lib/plugins/gradle-platform-jvm-2.2.1.jar
7f3d45a18000-7f3d45a1d000 r--s 00018000 08:0a 1573952                    /home/jesal/Programs/android-studio/gradle/gradle-2.2.1/lib/plugins/gradle-platform-base-2.2.1.jar
7f3d45a1d000-7f3d45a22000 r--s 00026000 08:0a 1574038                    /home/jesal/Programs/android-studio/gradle/gradle-2.2.1/lib/plugins/gradle-build-init-2.2.1.jar
7f3d45a22000-7f3d45a25000 r--s 0001d000 08:0a 1574018                    /home/jesal/Programs/android-studio/gradle/gradle-2.2.1/lib/plugins/gradle-jacoco-2.2.1.jar
7f3d45a25000-7f3d45a28000 r--s 0000d000 08:0a 1574010                    /home/jesal/Programs/android-studio/gradle/gradle-2.2.1/lib/plugins/gradle-ivy-2.2.1.jar
7f3d45a28000-7f3d45a2a000 r--s 00002000 08:0a 1574012                    /home/jesal/Programs/android-studio/gradle/gradle-2.2.1/lib/plugins/gradle-publish-2.2.1.jar
7f3d45a2a000-7f3d45a2c000 r--s 00005000 08:0a 1573979                    /home/jesal/Programs/android-studio/gradle/gradle-2.2.1/lib/plugins/jatl-0.2.2.jar
7f3d45a2c000-7f3d45a2e000 r--s 0000f000 08:0a 1574007                    /home/jesal/Programs/android-studio/gradle/gradle-2.2.1/lib/plugins/gradle-reporting-2.2.1.jar
7f3d45a2e000-7f3d45a33000 r--s 00034000 08:0a 1574014                    /home/jesal/Programs/android-studio/gradle/gradle-2.2.1/lib/plugins/gradle-diagnostics-2.2.1.jar
7f3d45a33000-7f3d45a3a000 r--s 00090000 08:0a 1573956                    /home/jesal/Programs/android-studio/gradle/gradle-2.2.1/lib/plugins/gradle-build-comparison-2.2.1.jar
7f3d45a3a000-7f3d45a41000 r--s 00035000 08:0a 1573995                    /home/jesal/Programs/android-studio/gradle/gradle-2.2.1/lib/plugins/simple-4.1.21.jar
7f3d45a41000-7f3d45a4d000 r--s 00100000 08:0a 1574026                    /home/jesal/Programs/android-studio/gradle/gradle-2.2.1/lib/plugins/rhino-1.7R3.jar
7f3d45a4d000-7f3d45a52000 r--s 0001f000 08:0a 1574013                    /home/jesal/Programs/android-studio/gradle/gradle-2.2.1/lib/plugins/gradle-javascript-2.2.1.jar
7f3d45a52000-7f3d45a54000 r--s 0000e000 08:0a 1574011                    /home/jesal/Programs/android-studio/gradle/gradle-2.2.1/lib/plugins/gradle-ear-2.2.1.jar
7f3d45a54000-7f3d45a58000 r--s 00025000 08:0a 1573948                    /home/jesal/Programs/android-studio/gradle/gradle-2.2.1/lib/plugins/bcpg-jdk15-1.46.jar
7f3d45a58000-7f3d45a5b000 r--s 0001d000 08:0a 1573959                    /home/jesal/Programs/android-studio/gradle/gradle-2.2.1/lib/plugins/gradle-signing-2.2.1.jar
7f3d45a5b000-7f3d45a5c000 r--s 00002000 08:0a 1573941                    /home/jesal/Programs/android-studio/gradle/gradle-2.2.1/lib/plugins/sonar-batch-bootstrapper-2.9.jar
7f3d45a5c000-7f3d45a5f000 r--s 00018000 08:0a 1573985                    /home/jesal/Programs/android-studio/gradle/gradle-2.2.1/lib/plugins/gradle-sonar-2.2.1.jar
7f3d45a5f000-7f3d45a62000 r--s 00017000 08:0a 1573970                    /home/jesal/Programs/android-studio/gradle/gradle-2.2.1/lib/plugins/gradle-scala-2.2.1.jar
7f3d45a62000-7f3d45a64000 r--s 0000e000 08:0a 1573976                    /home/jesal/Programs/android-studio/gradle/gradle-2.2.1/lib/plugins/gradle-announce-2.2.1.jar
7f3d45a64000-7f3d45a72000 r--s 000bc000 08:0a 1573953                    /home/jesal/Programs/android-studio/gradle/gradle-2.2.1/lib/plugins/gradle-ide-2.2.1.jar
7f3d45a72000-7f3d45a74000 r--s 00000000 08:0a 1574019                    /home/jesal/Programs/android-studio/gradle/gradle-2.2.1/lib/plugins/plexus-component-annotations-1.5.2.jar
7f3d45a74000-7f3d45a77000 r--s 0000c000 08:0a 1573975                    /home/jesal/Programs/android-studio/gradle/gradle-2.2.1/lib/plugins/pmaven-groovy-0.8-20100325.jar
7f3d45a77000-7f3d45a78000 r--s 00004000 08:0a 1573996                    /home/jesal/Programs/android-studio/gradle/gradle-2.2.1/lib/plugins/pmaven-common-0.8-20100325.jar
7f3d45a78000-7f3d45a7c000 r--s 0001e000 08:0a 1573993                    /home/jesal/Programs/android-studio/gradle/gradle-2.2.1/lib/plugins/gradle-maven-2.2.1.jar
7f3d45a7c000-7f3d45a94000 r--s 0013b000 08:0a 1574030                    /home/jesal/Programs/android-studio/gradle/gradle-2.2.1/lib/plugins/bndlib-2.1.0.jar
7f3d45a94000-7f3d45a96000 r--s 00004000 08:0a 1573963                    /home/jesal/Programs/android-studio/gradle/gradle-2.2.1/lib/plugins/gradle-osgi-2.2.1.jar
7f3d45a96000-7f3d45a9b000 r--s 00068000 08:0a 1573994                    /home/jesal/Programs/android-studio/gradle/gradle-2.2.1/lib/plugins/antlr-2.7.7.jar
7f3d45a9b000-7f3d45a9c000 r--s 00002000 08:0a 1574025                    /home/jesal/Programs/android-studio/gradle/gradle-2.2.1/lib/plugins/ant-antlr-1.9.3.jar
7f3d45a9c000-7f3d45a9e000 r--s 00004000 08:0a 1574016                    /home/jesal/Programs/android-studio/gradle/gradle-2.2.1/lib/plugins/gradle-antlr-2.2.1.jar
7f3d45a9e000-7f3d45aa1000 r--s 0001e000 08:0a 1573989                    /home/jesal/Programs/android-studio/gradle/gradle-2.2.1/lib/plugins/jsp-api-2.1-6.1.14.jar
7f3d45aa1000-7f3d45ac4000 r--s 00344000 08:0a 1574020                    /home/jesal/Programs/android-studio/gradle/gradle-2.2.1/lib/plugins/core-3.1.1.jar
7f3d45ac4000-7f3d45ac5000 r--s 00006000 08:0a 1574039                    /home/jesal/Programs/android-studio/gradle/gradle-2.2.1/lib/plugins/jetty-naming-6.1.25.jar
7f3d45ac5000-7f3d45ac6000 r--s 00002000 08:0a 1573968                    /home/jesal/Programs/android-studio/gradle/gradle-2.2.1/lib/plugins/geronimo-annotation_1.0_spec-1.0.jar
7f3d45ac6000-7f3d45ac8000 r--s 00002000 08:0a 1573981                    /home/jesal/Programs/android-studio/gradle/gradle-2.2.1/lib/plugins/jetty-annotations-6.1.25.jar
7f3d45ac8000-7f3d45ad9000 r--s 000ea000 08:0a 1574001                    /home/jesal/Programs/android-studio/gradle/gradle-2.2.1/lib/plugins/jsp-2.1-6.1.14.jar
7f3d45ad9000-7f3d45adb000 r--s 0000d000 08:0a 1573951                    /home/jesal/Programs/android-studio/gradle/gradle-2.2.1/lib/plugins/jetty-plus-6.1.25.jar
7f3d45adb000-7f3d45add000 r--s 0001f000 08:0a 1573973                    /home/jesal/Programs/android-studio/gradle/gradle-2.2.1/lib/plugins/servlet-api-2.5-20081211.jar
7f3d45add000-7f3d45ae1000 r--s 00028000 08:0a 1573942                    /home/jesal/Programs/android-studio/gradle/gradle-2.2.1/lib/plugins/jetty-util-6.1.25.jar
7f3d45ae1000-7f3d45ae8000 r--s 0007d000 08:0a 1574003                    /home/jesal/Programs/android-studio/gradle/gradle-2.2.1/lib/plugins/jetty-6.1.25.jar
7f3d45ae8000-7f3d45aea000 r--s 00009000 08:0a 1573962                    /home/jesal/Programs/android-studio/gradle/gradle-2.2.1/lib/plugins/gradle-jetty-2.2.1.jar
7f3d45aea000-7f3d45aef000 r--s 00041000 08:0a 1573965                    /home/jesal/Programs/android-studio/gradle/gradle-2.2.1/lib/plugins/gradle-code-quality-2.2.1.jar
7f3d45aef000-7f3d45af1000 r--s 00009000 08:0a 1573969                    /home/jesal/Programs/android-studio/gradle/gradle-2.2.1/lib/plugins/hamcrest-core-1.3.jar
7f3d45af1000-7f3d45af7000 r--s 00033000 08:0a 1574006                    /home/jesal/Programs/android-studio/gradle/gradle-2.2.1/lib/plugins/snakeyaml-1.6.jar
7f3d45af7000-7f3d45af9000 r--s 00006000 08:0a 1573954                    /home/jesal/Programs/android-studio/gradle/gradle-2.2.1/lib/plugins/jcommander-1.12.jar
7f3d45af9000-7f3d45afe000 r--s 00040000 08:0a 1574015                    /home/jesal/Programs/android-studio/gradle/gradle-2.2.1/lib/plugins/bsh-2.0b4.jar
7f3d45afe000-7f3d45b00000 r--s 00009000 08:0a 1573946                    /home/jesal/Programs/android-studio/gradle/gradle-2.2.1/lib/plugins/commons-cli-1.2.jar
7f3d45b00000-7f3d45b09000 r--s 00089000 08:0a 1573966                    /home/jesal/Programs/android-studio/gradle/gradle-2.2.1/lib/plugins/testng-6.3.1.jar
7f3d45b09000-7f3d45b0f000 r--s 00036000 08:0a 1573990                    /home/jesal/Programs/android-studio/gradle/gradle-2.2.1/lib/plugins/junit-4.11.jar
7f3d45b0f000-7f3d45b1b000 r--s 00075000 08:0a 1573960                    /home/jesal/Programs/android-studio/gradle/gradle-2.2.1/lib/plugins/gradle-plugins-2.2.1.jar
7f3d45b1b000-7f3d45b1e000 r--s 00011000 08:0a 1573943                    /home/jesal/Programs/android-studio/gradle/gradle-2.2.1/lib/plugins/gradle-plugin-use-2.2.1.jar
7f3d45b1e000-7f3d45b36000 r--s 00115000 08:0a 1573998                    /home/jesal/Programs/android-studio/gradle/gradle-2.2.1/lib/plugins/xercesImpl-2.9.1.jar
7f3d45b36000-7f3d45b3e000 r--s 00028000 08:0a 1573982                    /home/jesal/Programs/android-studio/gradle/gradle-2.2.1/lib/plugins/xml-apis-1.3.04.jar
7f3d45b3e000-7f3d45b44000 r--s 0005b000 08:0a 1573945                    /home/jesal/Programs/android-studio/gradle/gradle-2.2.1/lib/plugins/jcifs-1.3.17.jar
7f3d45b44000-7f3d45b4a000 r--s 00031000 08:0a 1573955                    /home/jesal/Programs/android-studio/gradle/gradle-2.2.1/lib/plugins/httpcore-4.2.2.jar
7f3d45b4a000-7f3d45b50000 r--s 00033000 08:0a 1573944                    /home/jesal/Programs/android-studio/gradle/gradle-2.2.1/lib/plugins/commons-codec-1.6.jar
7f3d45b50000-7f3d45b53000 r--s 0001c000 08:0a 1574034                    /home/jesal/Programs/android-studio/gradle/gradle-2.2.1/lib/plugins/nekohtml-1.9.14.jar
7f3d45b53000-7f3d45b5c000 r--s 00060000 08:0a 1573967                    /home/jesal/Programs/android-studio/gradle/gradle-2.2.1/lib/plugins/httpclient-4.2.2.jar
7f3d45b5c000-7f3d45b5e000 r--s 00007000 08:0a 1574024                    /home/jesal/Programs/android-studio/gradle/gradle-2.2.1/lib/plugins/gradle-resources-http-2.2.1.jar
7f3d45b5e000-7f3d45b86000 r--s 00194000 08:0a 1573980                    /home/jesal/Programs/android-studio/gradle/gradle-2.2.1/lib/plugins/bcprov-jdk15-1.46.jar
7f3d45b86000-7f3d45b8a000 r--s 0001d000 08:0a 1574021                    /home/jesal/Programs/android-studio/gradle/gradle-2.2.1/lib/plugins/xbean-reflect-3.4.jar
7f3d45b8a000-7f3d45b8f000 r--s 0002a000 08:0a 1574031                    /home/jesal/Programs/android-studio/gradle/gradle-2.2.1/lib/plugins/gson-2.2.4.jar
7f3d45b8f000-7f3d45b93000 r--s 0003d000 08:0a 1573986                    /home/jesal/Programs/android-studio/gradle/gradle-2.2.1/lib/plugins/jsch-0.1.51.jar
7f3d45b93000-7f3d45bac000 r--s 00129000 08:0a 1574027                    /home/jesal/Programs/android-studio/gradle/gradle-2.2.1/lib/plugins/maven-ant-tasks-2.1.3.jar
7f3d45bac000-7f3d45bbb000 r--s 000d9000 08:0a 1574009                    /home/jesal/Programs/android-studio/gradle/gradle-2.2.1/lib/plugins/ivy-2.2.0.jar
7f3d45bbb000-7f3d45bbf000 r--s 0001e000 08:0a 1573983                    /home/jesal/Programs/android-studio/gradle/gradle-2.2.1/lib/plugins/jarjar-aether-impl-1.13.1.jar
7f3d45bbf000-7f3d45bc2000 r--s 00027000 08:0a 1573988                    /home/jesal/Programs/android-studio/gradle/gradle-2.2.1/lib/plugins/jarjar-maven-model-3.0.4.jar
7f3d45bc2000-7f3d45bc5000 r--s 0000b000 08:0a 1573978                    /home/jesal/Programs/android-studio/gradle/gradle-2.2.1/lib/plugins/jarjar-maven-artifact-3.0.4.jar
7f3d45bc5000-7f3d45bc9000 r--s 0001e000 08:0a 1573958                    /home/jesal/Programs/android-studio/gradle/gradle-2.2.1/lib/plugins/jarjar-aether-util-1.13.1.jar
7f3d45bc9000-7f3d45bcb000 r--s 00007000 08:0a 1574032                    /home/jesal/Programs/android-studio/gradle/gradle-2.2.1/lib/plugins/jarjar-wagon-http-shared4-2.4.jar
7f3d45bcb000-7f3d45bd8000 r--s 00083000 08:0a 1573957                    /home/jesal/Programs/android-studio/gradle/gradle-2.2.1/lib/plugins/jarjar-maven-core-3.0.4.jar
7f3d45bd8000-7f3d45bda000 r--s 00003000 08:0a 1574008                    /home/jesal/Programs/android-studio/gradle/gradle-2.2.1/lib/plugins/jarjar-aether-spi-1.13.1.jar
7f3d45bda000-7f3d45bdc000 r--s 00009000 08:0a 1573997                    /home/jesal/Programs/android-studio/gradle/gradle-2.2.1/lib/plugins/jarjar-maven-settings-builder-3.0.4.jar
7f3d45bdc000-7f3d45be0000 r--s 00014000 08:0a 1573972                    /home/jesal/Programs/android-studio/gradle/gradle-2.2.1/lib/plugins/jarjar-aether-api-1.13.1.jar
7f3d45be0000-7f3d45be1000 r--s 00002000 08:0a 1574022                    /home/jesal/Programs/android-studio/gradle/gradle-2.2.1/lib/plugins/jarjar-wagon-http-2.4.jar
7f3d45be1000-7f3d45be8000 r--s 00042000 08:0a 1573961                    /home/jesal/Programs/android-studio/gradle/gradle-2.2.1/lib/plugins/jarjar-maven-compat-3.0.4.jar
7f3d45be8000-7f3d45bea000 r--s 00006000 08:0a 1573977                    /home/jesal/Programs/android-studio/gradle/gradle-2.2.1/lib/plugins/jarjar-aether-connector-wagon-1.13.1.jar
7f3d45bea000-7f3d45bec000 r--s 00000000 08:0a 1573964                    /home/jesal/Programs/android-studio/gradle/gradle-2.2.1/lib/plugins/jarjar-plexus-component-annotations-1.5.5.jar
7f3d45bec000-7f3d45bee000 r--s 00006000 08:0a 1573950                    /home/jesal/Programs/android-studio/gradle/gradle-2.2.1/lib/plugins/jarjar-plexus-sec-dispatcher-1.3.jar
7f3d45bee000-7f3d45bf3000 r--s 00022000 08:0a 1574023                    /home/jesal/Programs/android-studio/gradle/gradle-2.2.1/lib/plugins/jarjar-maven-model-builder-3.0.4.jar
7f3d45bf3000-7f3d45bf5000 r--s 0000b000 08:0a 1573992                    /home/jesal/Programs/android-studio/gradle/gradle-2.2.1/lib/plugins/jarjar-maven-plugin-api-3.0.4.jar
7f3d45bf5000-7f3d45bf8000 r--s 0000a000 08:0a 1573947                    /home/jesal/Programs/android-studio/gradle/gradle-2.2.1/lib/plugins/jarjar-plexus-classworlds-2.4.jar
7f3d45bf8000-7f3d45bfc000 r--s 00035000 08:0a 1574033                    /home/jesal/Programs/android-studio/gradle/gradle-2.2.1/lib/plugins/jarjar-plexus-utils-2.0.6.jar
7f3d45bfc000-7f3d45bfe000 r--s 0000e000 08:0a 1574035                    /home/jesal/Programs/android-studio/gradle/gradle-2.2.1/lib/plugins/jarjar-plexus-interpolation-1.14.jar
7f3d45bfe000-7f3d45c00000 r--s 00002000 08:0a 1573984                    /home/jesal/Programs/android-studio/gradle/gradle-2.2.1/lib/plugins/jarjar-plexus-cipher-1.7.jar
7f3d45c00000-7f3d45c02000 r--s 0000c000 08:0a 1574029                    /home/jesal/Programs/android-studio/gradle/gradle-2.2.1/lib/plugins/jarjar-wagon-provider-api-2.4.jar
7f3d45c02000-7f3d45c04000 r--s 0000d000 08:0a 1574037                    /home/jesal/Programs/android-studio/gradle/gradle-2.2.1/lib/plugins/jarjar-maven-aether-provider-3.0.4.jar
7f3d45c04000-7f3d45c0c000 r--s 00031000 08:0a 1574004                    /home/jesal/Programs/android-studio/gradle/gradle-2.2.1/lib/plugins/jarjar-plexus-container-default-1.5.5.jar
7f3d45c0c000-7f3d45c0d000 r--s 00007000 08:0a 1573991                    /home/jesal/Programs/android-studio/gradle/gradle-2.2.1/lib/plugins/jarjar-maven-repository-metadata-3.0.4.jar
7f3d45c0d000-7f3d45c0e000 r--s 0000b000 08:0a 1574002                    /home/jesal/Programs/android-studio/gradle/gradle-2.2.1/lib/plugins/jarjar-maven-settings-3.0.4.jar
7f3d45c0e000-7f3d45c26000 r--s 000b5000 08:0a 1573999                    /home/jesal/Programs/android-studio/gradle/gradle-2.2.1/lib/plugins/gradle-dependency-management-2.2.1.jar
7f3d45c26000-7f3d45c42000 r--s 00393000 08:09 689849                     /usr/local/java/jdk1.8.0_25/jre/lib/ext/cldrdata.jar
7f3d45c42000-7f3d45c4c000 r--s 00116000 08:09 689843                     /usr/local/java/jdk1.8.0_25/jre/lib/ext/localedata.jar
7f3d45c4c000-7f3d45c4d000 r--s 00005000 08:0a 1573918                    /home/jesal/Programs/android-studio/gradle/gradle-2.2.1/lib/gradle-wrapper-2.2.1.jar
7f3d45c4d000-7f3d45c56000 r--s 0002c000 08:0a 1573923                    /home/jesal/Programs/android-studio/gradle/gradle-2.2.1/lib/gradle-tooling-api-2.2.1.jar
7f3d45c56000-7f3d45c58000 r--s 00002000 08:0a 1573933                    /home/jesal/Programs/android-studio/gradle/gradle-2.2.1/lib/gradle-open-api-2.2.1.jar
7f3d45c58000-7f3d45c5e000 r--s 00032000 08:0a 1573926                    /home/jesal/Programs/android-studio/gradle/gradle-2.2.1/lib/jaxen-1.1.jar
7f3d45c5e000-7f3d45c63000 r--s 00048000 08:0a 1573897                    /home/jesal/Programs/android-studio/gradle/gradle-2.2.1/lib/dom4j-1.6.1.jar
7f3d45c63000-7f3d45c6e000 r--s 00059000 08:0a 1573936                    /home/jesal/Programs/android-studio/gradle/gradle-2.2.1/lib/gradle-ui-2.2.1.jar
7f3d45c6e000-7f3d45c70000 r--s 00006000 08:0a 1573900                    /home/jesal/Programs/android-studio/gradle/gradle-2.2.1/lib/gradle-resources-2.2.1.jar
7f3d45c70000-7f3d45c72000 r--s 00007000 08:0a 1573928                    /home/jesal/Programs/android-studio/gradle/gradle-2.2.1/lib/objenesis-1.2.jar
7f3d45c72000-7f3d45c74000 r--s 00000000 08:0a 1573929                    /home/jesal/Programs/android-studio/gradle/gradle-2.2.1/lib/minlog-1.2.jar
7f3d45c74000-7f3d45c76000 r--s 0000f000 08:0a 1573934                    /home/jesal/Programs/android-studio/gradle/gradle-2.2.1/lib/reflectasm-1.07-shaded.jar
7f3d45c76000-7f3d45c7a000 r--s 00026000 08:0a 1574040                    /home/jesal/Programs/android-studio/gradle/gradle-2.2.1/lib/kryo-2.20.jar
7f3d45c7a000-7f3d45c83000 r--s 00039000 08:0a 1573925                    /home/jesal/Programs/android-studio/gradle/gradle-2.2.1/lib/gradle-messaging-2.2.1.jar
7f3d45c83000-7f3d45c84000 r--s 00003000 08:0a 1573938                    /home/jesal/Programs/android-studio/gradle/gradle-2.2.1/lib/native-platform-freebsd-amd64-0.10.jar
7f3d45c84000-7f3d45c85000 r--s 00003000 08:0a 1573920                    /home/jesal/Programs/android-studio/gradle/gradle-2.2.1/lib/native-platform-freebsd-i386-0.10.jar
7f3d45c85000-7f3d45c86000 r--s 00005000 08:0a 1573924                    /home/jesal/Programs/android-studio/gradle/gradle-2.2.1/lib/native-platform-windows-i386-0.10.jar
7f3d45c86000-7f3d45c87000 r--s 00005000 08:0a 1573893                    /home/jesal/Programs/android-studio/gradle/gradle-2.2.1/lib/native-platform-windows-amd64-0.10.jar
7f3d45c87000-7f3d45c88000 r--s 00003000 08:0a 1573896                    /home/jesal/Programs/android-studio/gradle/gradle-2.2.1/lib/native-platform-linux-i386-0.10.jar
7f3d45c88000-7f3d45c89000 r--s 00003000 08:0a 1573904                    /home/jesal/Programs/android-studio/gradle/gradle-2.2.1/lib/native-platform-linux-amd64-0.10.jar
7f3d45c89000-7f3d45c8a000 r--s 00002000 08:0a 1574041                    /home/jesal/Programs/android-studio/gradle/gradle-2.2.1/lib/native-platform-osx-amd64-0.10.jar
7f3d45c8a000-7f3d45c8b000 r--s 00002000 08:0a 1573916                    /home/jesal/Programs/android-studio/gradle/gradle-2.2.1/lib/native-platform-osx-i386-0.10.jar
7f3d45c8b000-7f3d45c8e000 r--s 0000d000 08:0a 1573930                    /home/jesal/Programs/android-studio/gradle/gradle-2.2.1/lib/native-platform-0.10.jar
7f3d45c8e000-7f3d45c92000 r--s 000e4000 08:0a 1573895                    /home/jesal/Programs/android-studio/gradle/gradle-2.2.1/lib/jna-3.2.7.jar
7f3d45c92000-7f3d45cfd000 r--s 00685000 08:0a 1573894                    /home/jesal/Programs/android-studio/gradle/gradle-2.2.1/lib/groovy-all-2.3.6.jar
7f3d45cfd000-7f3d45cfe000 ---p 00000000 00:00 0 
7f3d45cfe000-7f3d45dfe000 rw-p 00000000 00:00 0                          [stack:8913]
7f3d45dfe000-7f3d45e01000 ---p 00000000 00:00 0 
7f3d45e01000-7f3d45eff000 rw-p 00000000 00:00 0                          [stack:8912]
7f3d45eff000-7f3d45f02000 ---p 00000000 00:00 0 
7f3d45f02000-7f3d48000000 rw-p 00000000 00:00 0                          [stack:8911]
7f3d48000000-7f3d48021000 rw-p 00000000 00:00 0 
7f3d48021000-7f3d4c000000 ---p 00000000 00:00 0 
7f3d4c000000-7f3d4c002000 r--s 00008000 08:0a 1573915                    /home/jesal/Programs/android-studio/gradle/gradle-2.2.1/lib/jansi-1.2.1.jar
7f3d4c002000-7f3d4c004000 r--s 00008000 08:0a 1573914                    /home/jesal/Programs/android-studio/gradle/gradle-2.2.1/lib/gradle-native-2.2.1.jar
7f3d4c004000-7f3d4c006000 r--s 00005000 08:0a 1573937                    /home/jesal/Programs/android-studio/gradle/gradle-2.2.1/lib/gradle-cli-2.2.1.jar
7f3d4c006000-7f3d4c008000 r--s 00003000 08:0a 1573902                    /home/jesal/Programs/android-studio/gradle/gradle-2.2.1/lib/gradle-base-services-groovy-2.2.1.jar
7f3d4c008000-7f3d4c00a000 r--s 0000a000 08:0a 1573910                    /home/jesal/Programs/android-studio/gradle/gradle-2.2.1/lib/gradle-model-groovy-2.2.1.jar
7f3d4c00a000-7f3d4c00e000 r--s 0001b000 08:0a 1573906                    /home/jesal/Programs/android-studio/gradle/gradle-2.2.1/lib/gradle-model-core-2.2.1.jar
7f3d4c00e000-7f3d4c00f000 r--s 00000000 08:0a 1573919                    /home/jesal/Programs/android-studio/gradle/gradle-2.2.1/lib/gradle-docs-2.2.1.jar
7f3d4c00f000-7f3d4c011000 r--s 00003000 08:0a 1573903                    /home/jesal/Programs/android-studio/gradle/gradle-2.2.1/lib/jcl-over-slf4j-1.7.7.jar
7f3d4c011000-7f3d4c012000 r--s 00005000 08:0a 1573931                    /home/jesal/Programs/android-studio/gradle/gradle-2.2.1/lib/log4j-over-slf4j-1.7.7.jar
7f3d4c012000-7f3d4c015000 r--s 0001b000 08:0a 1573905                    /home/jesal/Programs/android-studio/gradle/gradle-2.2.1/lib/jarjar-1.3.jar
7f3d4c015000-7f3d4c018000 ---p 00000000 00:00 0 
7f3d4c018000-7f3d4c116000 rw-p 00000000 00:00 0                          [stack:8910]
7f3d4c116000-7f3d4c119000 ---p 00000000 00:00 0 
7f3d4c119000-7f3d4c217000 rw-p 00000000 00:00 0                          [stack:8909]
7f3d4c217000-7f3d4c21a000 ---p 00000000 00:00 0 
7f3d4c21a000-7f3d4c318000 rw-p 00000000 00:00 0                          [stack:8908]
7f3d4c318000-7f3d4c9fa000 r--p 00000000 08:09 2493680                    /usr/lib/locale/locale-archive
7f3d4c9fa000-7f3d4c9fd000 ---p 00000000 00:00 0 
7f3d4c9fd000-7f3d4cafb000 rw-p 00000000 00:00 0                          [stack:8907]
7f3d4cafb000-7f3d4cafe000 ---p 00000000 00:00 0 
7f3d4cafe000-7f3d4cbfc000 rw-p 00000000 00:00 0                          [stack:8906]
7f3d4cbfc000-7f3d4cbfd000 ---p 00000000 00:00 0 
7f3d4cbfd000-7f3d4d000000 rw-p 00000000 00:00 0                          [stack:8905]
7f3d4d000000-7f3d4e930000 rwxp 00000000 00:00 0 
7f3d4e930000-7f3d5c000000 ---p 00000000 00:00 0 
7f3d5c000000-7f3d5cae8000 rw-p 00000000 00:00 0 
7f3d5cae8000-7f3d60000000 ---p 00000000 00:00 0 
7f3d60000000-7f3d60001000 r--s 00000000 08:0a 1573922                    /home/jesal/Programs/android-studio/gradle/gradle-2.2.1/lib/javax.inject-1.jar
7f3d60001000-7f3d60003000 r--s 00000000 08:0a 1573927                    /home/jesal/Programs/android-studio/gradle/gradle-2.2.1/lib/jul-to-slf4j-1.7.7.jar
7f3d60003000-7f3d60004000 r--s 00000000 08:0a 1573913                    /home/jesal/Programs/android-studio/gradle/gradle-2.2.1/lib/jcip-annotations-1.0.jar
7f3d60004000-7f3d6000a000 r--s 0003b000 08:0a 1573899                    /home/jesal/Programs/android-studio/gradle/gradle-2.2.1/lib/logback-classic-1.0.13.jar
7f3d6000a000-7f3d60014000 r--s 0005d000 08:0a 1573909                    /home/jesal/Programs/android-studio/gradle/gradle-2.2.1/lib/logback-core-1.0.13.jar
7f3d60014000-7f3d60019000 r--s 00041000 08:0a 1573898                    /home/jesal/Programs/android-studio/gradle/gradle-2.2.1/lib/commons-lang-2.6.jar
7f3d60019000-7f3d6001c000 r--s 00018000 08:0a 1573939                    /home/jesal/Programs/android-studio/gradle/gradle-2.2.1/lib/commons-io-1.4.jar
7f3d6001c000-7f3d6002a000 r--s 0007f000 08:0a 1573932                    /home/jesal/Programs/android-studio/gradle/gradle-2.2.1/lib/commons-collections-3.2.1.jar
7f3d6002a000-7f3d6002f000 r--s 00036000 08:0a 1573921                    /home/jesal/Programs/android-studio/gradle/gradle-2.2.1/lib/asm-all-5.0.3.jar
7f3d6002f000-7f3d60057000 r--s 001cf000 08:0a 1573912                    /home/jesal/Programs/android-studio/gradle/gradle-2.2.1/lib/guava-jdk5-17.0.jar
7f3d60057000-7f3d60059000 r--s 00006000 08:0a 1573908                    /home/jesal/Programs/android-studio/gradle/gradle-2.2.1/lib/slf4j-api-1.7.7.jar
7f3d60059000-7f3d6005a000 r--s 00004000 08:0a 1573911                    /home/jesal/Programs/android-studio/gradle/gradle-2.2.1/lib/ant-launcher-1.9.3.jar
7f3d6005a000-7f3d60079000 r--s 001cc000 08:0a 1573901                    /home/jesal/Programs/android-studio/gradle/gradle-2.2.1/lib/ant-1.9.3.jar
7f3d60079000-7f3d6007f000 r--s 00026000 08:0a 1573917                    /home/jesal/Programs/android-studio/gradle/gradle-2.2.1/lib/gradle-base-services-2.2.1.jar
7f3d6007f000-7f3d600b0000 r--s 00191000 08:0a 1573907                    /home/jesal/Programs/android-studio/gradle/gradle-2.2.1/lib/gradle-core-2.2.1.jar
7f3d600b0000-7f3d60d61000 rw-p 00000000 00:00 0 
7f3d60d61000-7f3d60f37000 r--s 03caa000 08:09 2761297                    /usr/local/java/jdk1.8.0_25/jre/lib/rt.jar
7f3d60f37000-7f3d619ad000 rw-p 00000000 00:00 0 
7f3d619ad000-7f3d619ae000 ---p 00000000 00:00 0 
7f3d619ae000-7f3d61aae000 rw-p 00000000 00:00 0                          [stack:8904]
7f3d61aae000-7f3d61aaf000 ---p 00000000 00:00 0 
7f3d61aaf000-7f3d61baf000 rw-p 00000000 00:00 0                          [stack:8903]
7f3d61baf000-7f3d61bb0000 ---p 00000000 00:00 0 
7f3d61bb0000-7f3d61cb0000 rw-p 00000000 00:00 0                          [stack:8902]
7f3d61cb0000-7f3d61cb1000 ---p 00000000 00:00 0 
7f3d61cb1000-7f3d61de4000 rw-p 00000000 00:00 0                          [stack:8901]
7f3d61de4000-7f3d61f07000 ---p 00000000 00:00 0 
7f3d61f07000-7f3d61f3a000 rw-p 00000000 00:00 0 
7f3d61f3a000-7f3d6205c000 ---p 00000000 00:00 0 
7f3d6205c000-7f3d620f9000 rw-p 00000000 00:00 0 
7f3d620f9000-7f3d62107000 ---p 00000000 00:00 0 
7f3d62107000-7f3d6216d000 rw-p 00000000 00:00 0 
7f3d6216d000-7f3d624c8000 ---p 00000000 00:00 0 
7f3d624c8000-7f3d624e2000 r-xp 00000000 08:09 407568                     /usr/local/java/jdk1.8.0_25/jre/lib/amd64/libzip.so
7f3d624e2000-7f3d626e2000 ---p 0001a000 08:09 407568                     /usr/local/java/jdk1.8.0_25/jre/lib/amd64/libzip.so
7f3d626e2000-7f3d626e3000 rw-p 0001a000 08:09 407568                     /usr/local/java/jdk1.8.0_25/jre/lib/amd64/libzip.so
7f3d626e3000-7f3d626ee000 r-xp 00000000 08:09 1056126                    /lib/x86_64-linux-gnu/libnss_files-2.19.so
7f3d626ee000-7f3d628ed000 ---p 0000b000 08:09 1056126                    /lib/x86_64-linux-gnu/libnss_files-2.19.so
7f3d628ed000-7f3d628ee000 r--p 0000a000 08:09 1056126                    /lib/x86_64-linux-gnu/libnss_files-2.19.so
7f3d628ee000-7f3d628ef000 rw-p 0000b000 08:09 1056126                    /lib/x86_64-linux-gnu/libnss_files-2.19.so
7f3d628ef000-7f3d628fa000 r-xp 00000000 08:09 1056164                    /lib/x86_64-linux-gnu/libnss_nis-2.19.so
7f3d628fa000-7f3d62af9000 ---p 0000b000 08:09 1056164                    /lib/x86_64-linux-gnu/libnss_nis-2.19.so
7f3d62af9000-7f3d62afa000 r--p 0000a000 08:09 1056164                    /lib/x86_64-linux-gnu/libnss_nis-2.19.so
7f3d62afa000-7f3d62afb000 rw-p 0000b000 08:09 1056164                    /lib/x86_64-linux-gnu/libnss_nis-2.19.so
7f3d62afb000-7f3d62b12000 r-xp 00000000 08:09 1056141                    /lib/x86_64-linux-gnu/libnsl-2.19.so
7f3d62b12000-7f3d62d11000 ---p 00017000 08:09 1056141                    /lib/x86_64-linux-gnu/libnsl-2.19.so
7f3d62d11000-7f3d62d12000 r--p 00016000 08:09 1056141                    /lib/x86_64-linux-gnu/libnsl-2.19.so
7f3d62d12000-7f3d62d13000 rw-p 00017000 08:09 1056141                    /lib/x86_64-linux-gnu/libnsl-2.19.so
7f3d62d13000-7f3d62d15000 rw-p 00000000 00:00 0 
7f3d62d15000-7f3d62d1e000 r-xp 00000000 08:09 1056140                    /lib/x86_64-linux-gnu/libnss_compat-2.19.so
7f3d62d1e000-7f3d62f1d000 ---p 00009000 08:09 1056140                    /lib/x86_64-linux-gnu/libnss_compat-2.19.so
7f3d62f1d000-7f3d62f1e000 r--p 00008000 08:09 1056140                    /lib/x86_64-linux-gnu/libnss_compat-2.19.so
7f3d62f1e000-7f3d62f1f000 rw-p 00009000 08:09 1056140                    /lib/x86_64-linux-gnu/libnss_compat-2.19.so
7f3d62f1f000-7f3d62f49000 r-xp 00000000 08:09 407321                     /usr/local/java/jdk1.8.0_25/jre/lib/amd64/libjava.so
7f3d62f49000-7f3d63149000 ---p 0002a000 08:09 407321                     /usr/local/java/jdk1.8.0_25/jre/lib/amd64/libjava.so
7f3d63149000-7f3d6314b000 rw-p 0002a000 08:09 407321                     /usr/local/java/jdk1.8.0_25/jre/lib/amd64/libjava.so
7f3d6314b000-7f3d63158000 r-xp 00000000 08:09 407562                     /usr/local/java/jdk1.8.0_25/jre/lib/amd64/libverify.so
7f3d63158000-7f3d63358000 ---p 0000d000 08:09 407562                     /usr/local/java/jdk1.8.0_25/jre/lib/amd64/libverify.so
7f3d63358000-7f3d6335a000 rw-p 0000d000 08:09 407562                     /usr/local/java/jdk1.8.0_25/jre/lib/amd64/libverify.so
7f3d6335a000-7f3d63361000 r-xp 00000000 08:09 1056158                    /lib/x86_64-linux-gnu/librt-2.19.so
7f3d63361000-7f3d63560000 ---p 00007000 08:09 1056158                    /lib/x86_64-linux-gnu/librt-2.19.so
7f3d63560000-7f3d63561000 r--p 00006000 08:09 1056158                    /lib/x86_64-linux-gnu/librt-2.19.so
7f3d63561000-7f3d63562000 rw-p 00007000 08:09 1056158                    /lib/x86_64-linux-gnu/librt-2.19.so
7f3d63562000-7f3d63667000 r-xp 00000000 08:09 1050747                    /lib/x86_64-linux-gnu/libm-2.19.so
7f3d63667000-7f3d63866000 ---p 00105000 08:09 1050747                    /lib/x86_64-linux-gnu/libm-2.19.so
7f3d63866000-7f3d63867000 r--p 00104000 08:09 1050747                    /lib/x86_64-linux-gnu/libm-2.19.so
7f3d63867000-7f3d63868000 rw-p 00105000 08:09 1050747                    /lib/x86_64-linux-gnu/libm-2.19.so
7f3d63868000-7f3d644d5000 r-xp 00000000 08:09 689829                     /usr/local/java/jdk1.8.0_25/jre/lib/amd64/server/libjvm.so
7f3d644d5000-7f3d646d4000 ---p 00c6d000 08:09 689829                     /usr/local/java/jdk1.8.0_25/jre/lib/amd64/server/libjvm.so
7f3d646d4000-7f3d647aa000 rw-p 00c6c000 08:09 689829                     /usr/local/java/jdk1.8.0_25/jre/lib/amd64/server/libjvm.so
7f3d647aa000-7f3d647ed000 rw-p 00000000 00:00 0 
7f3d647ed000-7f3d649a8000 r-xp 00000000 08:09 1056152                    /lib/x86_64-linux-gnu/libc-2.19.so
7f3d649a8000-7f3d64ba7000 ---p 001bb000 08:09 1056152                    /lib/x86_64-linux-gnu/libc-2.19.so
7f3d64ba7000-7f3d64bab000 r--p 001ba000 08:09 1056152                    /lib/x86_64-linux-gnu/libc-2.19.so
7f3d64bab000-7f3d64bad000 rw-p 001be000 08:09 1056152                    /lib/x86_64-linux-gnu/libc-2.19.so
7f3d64bad000-7f3d64bb2000 rw-p 00000000 00:00 0 
7f3d64bb2000-7f3d64bb5000 r-xp 00000000 08:09 1056134                    /lib/x86_64-linux-gnu/libdl-2.19.so
7f3d64bb5000-7f3d64db4000 ---p 00003000 08:09 1056134                    /lib/x86_64-linux-gnu/libdl-2.19.so
7f3d64db4000-7f3d64db5000 r--p 00002000 08:09 1056134                    /lib/x86_64-linux-gnu/libdl-2.19.so
7f3d64db5000-7f3d64db6000 rw-p 00003000 08:09 1056134                    /lib/x86_64-linux-gnu/libdl-2.19.so
7f3d64db6000-7f3d64dcb000 r-xp 00000000 08:09 2759198                    /usr/local/java/jdk1.8.0_25/lib/amd64/jli/libjli.so
7f3d64dcb000-7f3d64fca000 ---p 00015000 08:09 2759198                    /usr/local/java/jdk1.8.0_25/lib/amd64/jli/libjli.so
7f3d64fca000-7f3d64fcb000 rw-p 00014000 08:09 2759198                    /usr/local/java/jdk1.8.0_25/lib/amd64/jli/libjli.so
7f3d64fcb000-7f3d64fe4000 r-xp 00000000 08:09 1056154                    /lib/x86_64-linux-gnu/libpthread-2.19.so
7f3d64fe4000-7f3d651e3000 ---p 00019000 08:09 1056154                    /lib/x86_64-linux-gnu/libpthread-2.19.so
7f3d651e3000-7f3d651e4000 r--p 00018000 08:09 1056154                    /lib/x86_64-linux-gnu/libpthread-2.19.so
7f3d651e4000-7f3d651e5000 rw-p 00019000 08:09 1056154                    /lib/x86_64-linux-gnu/libpthread-2.19.so
7f3d651e5000-7f3d651e9000 rw-p 00000000 00:00 0 
7f3d651e9000-7f3d6520c000 r-xp 00000000 08:09 1056146                    /lib/x86_64-linux-gnu/ld-2.19.so
7f3d6520c000-7f3d65214000 r--s 0003c000 08:0a 1573935                    /home/jesal/Programs/android-studio/gradle/gradle-2.2.1/lib/gradle-launcher-2.2.1.jar
7f3d65214000-7f3d652e6000 rw-p 00000000 00:00 0 
7f3d652e6000-7f3d652e9000 ---p 00000000 00:00 0 
7f3d652e9000-7f3d653ff000 rw-p 00000000 00:00 0                          [stack:8900]
7f3d653ff000-7f3d65407000 rw-s 00000000 08:09 275357                     /tmp/hsperfdata_jesal/8897
7f3d65407000-7f3d65408000 rw-p 00000000 00:00 0 
7f3d65408000-7f3d65409000 r--p 00000000 00:00 0 
7f3d65409000-7f3d6540b000 rw-p 00000000 00:00 0 
7f3d6540b000-7f3d6540c000 r--p 00022000 08:09 1056146                    /lib/x86_64-linux-gnu/ld-2.19.so
7f3d6540c000-7f3d6540d000 rw-p 00023000 08:09 1056146                    /lib/x86_64-linux-gnu/ld-2.19.so
7f3d6540d000-7f3d6540e000 rw-p 00000000 00:00 0 
7fff58087000-7fff580a9000 rw-p 00000000 00:00 0                          [stack]
7fff5812c000-7fff5812e000 r-xp 00000000 00:00 0                          [vdso]
ffffffffff600000-ffffffffff601000 r-xp 00000000 00:00 0                  [vsyscall]

VM Arguments:
jvm_args: -XX:MaxPermSize=256m -XX:+HeapDumpOnOutOfMemoryError -Xmx1024m -Dfile.encoding=UTF-8 -Duser.country=US -Duser.language=en -Duser.variant 
java_command: org.gradle.launcher.daemon.bootstrap.GradleDaemon 2.2.1 /home/jesal/.gradle/daemon 10800000 a1d66ad5-a54c-4b53-bb80-001d3853273a -XX:MaxPermSize=256m -XX:+HeapDumpOnOutOfMemoryError -Xmx1024m -Dfile.encoding=UTF-8 -Duser.country=US -Duser.language=en -Duser.variant
java_class_path (initial): /home/jesal/Programs/android-studio/gradle/gradle-2.2.1/lib/gradle-launcher-2.2.1.jar
Launcher Type: SUN_STANDARD

Environment Variables:
JAVA_HOME=/usr/local/java/jdk1.8.0_25
CLASSPATH=./../lib/bootstrap.jar:./../lib/extensions.jar:./../lib/util.jar:./../lib/jdom.jar:./../lib/log4j.jar:./../lib/trove4j.jar:./../lib/jna.jar:/usr/local/java/jdk1.8.0_25/lib/tools.jar
PATH=/home/jesal/bin:/usr/local/sbin:/usr/local/bin:/usr/sbin:/usr/bin:/sbin:/bin:/usr/games:/usr/local/games:/home/jesal/bin:/usr/local/java/jdk1.8.0_25/bin:/usr/local/java/jdk1.8.0_25:/home/jesal/Android/Sdk/tools:/home/jesal/Android/Sdk/platform-tools:/opt/apache-tomcat-8.0.20
LD_LIBRARY_PATH=.:
SHELL=/bin/bash
DISPLAY=:0

Signal Handlers:
SIGSEGV: [libjvm.so+0xa79a80], sa_mask[0]=11111111011111111101111111111110, sa_flags=SA_RESTART|SA_SIGINFO
SIGBUS: [libjvm.so+0xa79a80], sa_mask[0]=11111111011111111101111111111110, sa_flags=SA_RESTART|SA_SIGINFO
SIGFPE: [libjvm.so+0x8e24e0], sa_mask[0]=11111111011111111101111111111110, sa_flags=SA_RESTART|SA_SIGINFO
SIGPIPE: [libjvm.so+0x8e24e0], sa_mask[0]=11111111011111111101111111111110, sa_flags=SA_RESTART|SA_SIGINFO
SIGXFSZ: [libjvm.so+0x8e24e0], sa_mask[0]=11111111011111111101111111111110, sa_flags=SA_RESTART|SA_SIGINFO
SIGILL: [libjvm.so+0x8e24e0], sa_mask[0]=11111111011111111101111111111110, sa_flags=SA_RESTART|SA_SIGINFO
SIGUSR1: SIG_DFL, sa_mask[0]=00000000000000000000000000000000, sa_flags=none
SIGUSR2: [libjvm.so+0x8e3d10], sa_mask[0]=00100000000000000000000000000000, sa_flags=SA_RESTART|SA_SIGINFO
SIGHUP: [libjvm.so+0x8e50d0], sa_mask[0]=11111111011111111101111111111110, sa_flags=SA_RESTART|SA_SIGINFO
SIGINT: [libjvm.so+0x8e50d0], sa_mask[0]=11111111011111111101111111111110, sa_flags=SA_RESTART|SA_SIGINFO
SIGTERM: [libjvm.so+0x8e50d0], sa_mask[0]=11111111011111111101111111111110, sa_flags=SA_RESTART|SA_SIGINFO
SIGQUIT: [libjvm.so+0x8e50d0], sa_mask[0]=11111111011111111101111111111110, sa_flags=SA_RESTART|SA_SIGINFO


---------------  S Y S T E M  ---------------

OS:DISTRIB_ID=Ubuntu
DISTRIB_RELEASE=14.04
DISTRIB_CODENAME=trusty
DISTRIB_DESCRIPTION="Ubuntu 14.04.2 LTS"

uname:Linux 3.13.0-48-generic #80-Ubuntu SMP Thu Mar 12 11:16:15 UTC 2015 x86_64
libc:glibc 2.19 NPTL 2.19 
rlimit: STACK 8192k, CORE 0k, NPROC 62575, NOFILE 4096, AS infinity
load average:1.53 1.33 1.24

/proc/meminfo:
MemTotal:        8086828 kB
MemFree:          218192 kB
Buffers:          156164 kB
Cached:          3251472 kB
SwapCached:         1072 kB
Active:          4826084 kB
Inactive:        2627012 kB
Active(anon):    3340964 kB
Inactive(anon):  1140932 kB
Active(file):    1485120 kB
Inactive(file):  1486080 kB
Unevictable:        7408 kB
Mlocked:            7408 kB
SwapTotal:       9764860 kB
SwapFree:        9755832 kB
Dirty:             10288 kB
Writeback:             0 kB
AnonPages:       4052128 kB
Mapped:           257932 kB
Shmem:            436388 kB
Slab:             258652 kB
SReclaimable:     214180 kB
SUnreclaim:        44472 kB
KernelStack:        5368 kB
PageTables:        47920 kB
NFS_Unstable:          0 kB
Bounce:                0 kB
WritebackTmp:          0 kB
CommitLimit:    13808272 kB
Committed_AS:    9462676 kB
VmallocTotal:   34359738367 kB
VmallocUsed:      557716 kB
VmallocChunk:   34359170484 kB
HardwareCorrupted:     0 kB
AnonHugePages:   1394688 kB
HugePages_Total:       0
HugePages_Free:        0
HugePages_Rsvd:        0
HugePages_Surp:        0
Hugepagesize:       2048 kB
DirectMap4k:       82688 kB
DirectMap2M:     5070848 kB
DirectMap1G:     3145728 kB


CPU:total 4 (2 cores per cpu, 2 threads per core) family 6 model 60 stepping 3, cmov, cx8, fxsr, mmx, sse, sse2, sse3, ssse3, sse4.1, sse4.2, popcnt, avx, avx2, aes, clmul, erms, lzcnt, ht, tsc, tscinvbit, bmi1, bmi2

/proc/cpuinfo:
processor	: 0
vendor_id	: GenuineIntel
cpu family	: 6
model		: 60
model name	: Intel(R) Core(TM) i5-4200M CPU @ 2.50GHz
stepping	: 3
microcode	: 0x17
cpu MHz		: 2400.000
cache size	: 3072 KB
physical id	: 0
siblings	: 4
core id		: 0
cpu cores	: 2
apicid		: 0
initial apicid	: 0
fpu		: yes
fpu_exception	: yes
cpuid level	: 13
wp		: yes
flags		: fpu vme de pse tsc msr pae mce cx8 apic sep mtrr pge mca cmov pat pse36 clflush dts acpi mmx fxsr sse sse2 ss ht tm pbe syscall nx pdpe1gb rdtscp lm constant_tsc arch_perfmon pebs bts rep_good nopl xtopology nonstop_tsc aperfmperf eagerfpu pni pclmulqdq dtes64 monitor ds_cpl vmx est tm2 ssse3 fma cx16 xtpr pdcm pcid sse4_1 sse4_2 movbe popcnt tsc_deadline_timer aes xsave avx f16c rdrand lahf_lm abm ida arat epb xsaveopt pln pts dtherm tpr_shadow vnmi flexpriority ept vpid fsgsbase tsc_adjust bmi1 avx2 smep bmi2 erms invpcid
bogomips	: 4988.44
clflush size	: 64
cache_alignment	: 64
address sizes	: 39 bits physical, 48 bits virtual
power management:

processor	: 1
vendor_id	: GenuineIntel
cpu family	: 6
model		: 60
model name	: Intel(R) Core(TM) i5-4200M CPU @ 2.50GHz
stepping	: 3
microcode	: 0x17
cpu MHz		: 2501.000
cache size	: 3072 KB
physical id	: 0
siblings	: 4
core id		: 0
cpu cores	: 2
apicid		: 1
initial apicid	: 1
fpu		: yes
fpu_exception	: yes
cpuid level	: 13
wp		: yes
flags		: fpu vme de pse tsc msr pae mce cx8 apic sep mtrr pge mca cmov pat pse36 clflush dts acpi mmx fxsr sse sse2 ss ht tm pbe syscall nx pdpe1gb rdtscp lm constant_tsc arch_perfmon pebs bts rep_good nopl xtopology nonstop_tsc aperfmperf eagerfpu pni pclmulqdq dtes64 monitor ds_cpl vmx est tm2 ssse3 fma cx16 xtpr pdcm pcid sse4_1 sse4_2 movbe popcnt tsc_deadline_timer aes xsave avx f16c rdrand lahf_lm abm ida arat epb xsaveopt pln pts dtherm tpr_shadow vnmi flexpriority ept vpid fsgsbase tsc_adjust bmi1 avx2 smep bmi2 erms invpcid
bogomips	: 4988.44
clflush size	: 64
cache_alignment	: 64
address sizes	: 39 bits physical, 48 bits virtual
power management:

processor	: 2
vendor_id	: GenuineIntel
cpu family	: 6
model		: 60
model name	: Intel(R) Core(TM) i5-4200M CPU @ 2.50GHz
stepping	: 3
microcode	: 0x17
cpu MHz		: 2501.000
cache size	: 3072 KB
physical id	: 0
siblings	: 4
core id		: 1
cpu cores	: 2
apicid		: 2
initial apicid	: 2
fpu		: yes
fpu_exception	: yes
cpuid level	: 13
wp		: yes
flags		: fpu vme de pse tsc msr pae mce cx8 apic sep mtrr pge mca cmov pat pse36 clflush dts acpi mmx fxsr sse sse2 ss ht tm pbe syscall nx pdpe1gb rdtscp lm constant_tsc arch_perfmon pebs bts rep_good nopl xtopology nonstop_tsc aperfmperf eagerfpu pni pclmulqdq dtes64 monitor ds_cpl vmx est tm2 ssse3 fma cx16 xtpr pdcm pcid sse4_1 sse4_2 movbe popcnt tsc_deadline_timer aes xsave avx f16c rdrand lahf_lm abm ida arat epb xsaveopt pln pts dtherm tpr_shadow vnmi flexpriority ept vpid fsgsbase tsc_adjust bmi1 avx2 smep bmi2 erms invpcid
bogomips	: 4988.44
clflush size	: 64
cache_alignment	: 64
address sizes	: 39 bits physical, 48 bits virtual
power management:

processor	: 3
vendor_id	: GenuineIntel
cpu family	: 6
model		: 60
model name	: Intel(R) Core(TM) i5-4200M CPU @ 2.50GHz
stepping	: 3
microcode	: 0x17
cpu MHz		: 2501.000
cache size	: 3072 KB
physical id	: 0
siblings	: 4
core id		: 1
cpu cores	: 2
apicid		: 3
initial apicid	: 3
fpu		: yes
fpu_exception	: yes
cpuid level	: 13
wp		: yes
flags		: fpu vme de pse tsc msr pae mce cx8 apic sep mtrr pge mca cmov pat pse36 clflush dts acpi mmx fxsr sse sse2 ss ht tm pbe syscall nx pdpe1gb rdtscp lm constant_tsc arch_perfmon pebs bts rep_good nopl xtopology nonstop_tsc aperfmperf eagerfpu pni pclmulqdq dtes64 monitor ds_cpl vmx est tm2 ssse3 fma cx16 xtpr pdcm pcid sse4_1 sse4_2 movbe popcnt tsc_deadline_timer aes xsave avx f16c rdrand lahf_lm abm ida arat epb xsaveopt pln pts dtherm tpr_shadow vnmi flexpriority ept vpid fsgsbase tsc_adjust bmi1 avx2 smep bmi2 erms invpcid
bogomips	: 4988.44
clflush size	: 64
cache_alignment	: 64
address sizes	: 39 bits physical, 48 bits virtual
power management:



Memory: 4k page, physical 8086828k(218192k free), swap 9764860k(9755832k free)

vm_info: Java HotSpot(TM) 64-Bit Server VM (25.25-b02) for linux-amd64 JRE (1.8.0_25-b17), built on Sep 17 2014 17:32:11 by "java_re" with gcc 4.3.0 20080428 (Red Hat 4.3.0-8)

time: Wed Apr  1 22:21:40 2015
elapsed time: 2958 seconds (0d 0h 49m 18s)

